{"contracts/AVAXGateway.sol":{"l":{"24":3,"25":3,"35":4,"37":0,"40":4,"42":4,"49":8,"56":4,"67":4,"69":4,"70":4,"71":4,"73":0,"75":4,"76":4,"77":4,"79":4,"80":4,"81":4,"92":0,"102":0,"109":4,"116":0},"path":"/home/fabio/Jibrel/tranche-benqi-protocol/contracts/AVAXGateway.sol","s":{"1":3,"2":3,"3":4,"4":0,"5":4,"6":4,"7":8,"8":4,"9":4,"10":4,"11":4,"12":4,"13":0,"14":4,"15":4,"16":4,"17":4,"18":4,"19":4,"20":0,"21":0,"22":0},"b":{"1":[0,4],"2":[4,0],"3":[0,4],"4":[4,0],"5":[4,0],"6":[4,0]},"f":{"1":3,"2":4,"3":8,"4":4,"5":4,"6":0,"7":0,"8":0},"fnMap":{"1":{"name":"constructor","line":23,"loc":{"start":{"line":23,"column":2},"end":{"line":26,"column":2}}},"2":{"name":"redeemQiAVAX","line":33,"loc":{"start":{"line":33,"column":2},"end":{"line":43,"column":2}}},"3":{"name":"getAVAXBalance","line":48,"loc":{"start":{"line":48,"column":2},"end":{"line":50,"column":2}}},"4":{"name":"getTokenBalance","line":55,"loc":{"start":{"line":55,"column":2},"end":{"line":57,"column":2}}},"5":{"name":"withdrawAVAX","line":66,"loc":{"start":{"line":66,"column":2},"end":{"line":82,"column":2}}},"6":{"name":"emergencyTokenTransfer","line":91,"loc":{"start":{"line":91,"column":2},"end":{"line":93,"column":2}}},"7":{"name":"emergencyAVAXTransfer","line":101,"loc":{"start":{"line":101,"column":2},"end":{"line":103,"column":2}}},"8":{"name":null,"line":115,"loc":{"start":{"line":115,"column":2},"end":{"line":117,"column":2}}}},"statementMap":{"1":{"start":{"line":24,"column":4},"end":{"line":24,"column":33}},"2":{"start":{"line":25,"column":4},"end":{"line":25,"column":33}},"3":{"start":{"line":35,"column":6},"end":{"line":35,"column":1232}},"4":{"start":{"line":37,"column":10},"end":{"line":37,"column":51}},"5":{"start":{"line":40,"column":10},"end":{"line":40,"column":61}},"6":{"start":{"line":42,"column":6},"end":{"line":42,"column":25}},"7":{"start":{"line":49,"column":6},"end":{"line":49,"column":34}},"8":{"start":{"line":56,"column":6},"end":{"line":56,"column":52}},"9":{"start":{"line":67,"column":4},"end":{"line":67,"column":85}},"10":{"start":{"line":69,"column":4},"end":{"line":69,"column":41}},"11":{"start":{"line":70,"column":4},"end":{"line":70,"column":56}},"12":{"start":{"line":71,"column":4},"end":{"line":71,"column":2468}},"13":{"start":{"line":73,"column":6},"end":{"line":73,"column":45}},"14":{"start":{"line":75,"column":4},"end":{"line":75,"column":58}},"15":{"start":{"line":76,"column":4},"end":{"line":76,"column":2653}},"16":{"start":{"line":77,"column":6},"end":{"line":77,"column":58}},"17":{"start":{"line":79,"column":4},"end":{"line":79,"column":64}},"18":{"start":{"line":80,"column":4},"end":{"line":80,"column":2872}},"19":{"start":{"line":81,"column":7},"end":{"line":81,"column":62}},"20":{"start":{"line":92,"column":4},"end":{"line":92,"column":40}},"21":{"start":{"line":102,"column":4},"end":{"line":102,"column":52}},"22":{"start":{"line":116,"column":4},"end":{"line":116,"column":33}}},"branchMap":{"1":{"line":35,"type":"if","locations":[{"start":{"line":35,"column":6},"end":{"line":35,"column":6}},{"start":{"line":35,"column":6},"end":{"line":35,"column":6}}]},"2":{"line":67,"type":"if","locations":[{"start":{"line":67,"column":4},"end":{"line":67,"column":4}},{"start":{"line":67,"column":4},"end":{"line":67,"column":4}}]},"3":{"line":71,"type":"if","locations":[{"start":{"line":71,"column":4},"end":{"line":71,"column":4}},{"start":{"line":71,"column":4},"end":{"line":71,"column":4}}]},"4":{"line":76,"type":"if","locations":[{"start":{"line":76,"column":4},"end":{"line":76,"column":4}},{"start":{"line":76,"column":4},"end":{"line":76,"column":4}}]},"5":{"line":80,"type":"if","locations":[{"start":{"line":80,"column":4},"end":{"line":80,"column":4}},{"start":{"line":80,"column":4},"end":{"line":80,"column":4}}]},"6":{"line":109,"type":"if","locations":[{"start":{"line":109,"column":4},"end":{"line":109,"column":4}},{"start":{"line":109,"column":4},"end":{"line":109,"column":4}}]}}},"contracts/IncentivesController.sol":{"l":{"43":1,"44":1,"45":1,"46":1,"57":96,"67":106,"77":80,"78":80,"80":28,"82":52,"83":29,"85":23,"88":80,"89":65,"90":65,"93":15,"104":76,"105":76,"107":25,"109":51,"110":7,"112":44,"115":76,"116":76,"117":76,"120":0,"130":10,"132":10,"133":10,"134":3,"135":3,"137":10,"138":3,"139":3,"140":3,"141":3,"142":3,"144":3,"145":1,"156":7,"158":7,"159":7,"160":0,"161":0,"163":7,"164":0,"165":0,"166":0,"167":0,"168":0,"170":0,"171":0,"184":49,"185":49,"188":18,"190":31,"193":49,"195":49,"197":49,"211":46,"212":46,"215":16,"217":30,"220":46,"222":46,"224":46,"236":0,"245":0,"253":3,"254":3,"255":3,"258":3,"267":0,"268":0,"271":0,"272":0,"273":0,"274":0,"283":0,"284":0,"287":0,"288":0,"289":0,"290":0,"298":0,"299":0,"300":0,"301":0,"302":0,"303":0,"305":0,"306":0,"307":0,"308":0,"311":0,"312":0,"313":0,"314":0,"318":0,"328":0,"330":0,"331":0,"332":0,"335":0,"336":0,"337":0,"338":0,"340":0,"341":0,"350":3,"351":3,"352":3,"353":3,"354":3,"355":3,"356":3,"358":3,"367":0,"376":5,"379":5,"381":5,"383":3,"388":3,"389":3,"394":5,"403":20,"404":20,"405":20,"407":20,"408":20,"411":20,"412":24,"415":24,"416":21,"419":20,"429":33,"430":33,"431":33,"432":33,"433":33,"436":33,"437":51,"438":51,"439":51,"440":8,"443":33,"453":16,"454":16,"455":16,"456":16,"457":16,"460":16,"461":25,"463":25,"464":25,"467":16,"476":5,"479":5,"481":5,"483":3,"488":3,"489":3,"494":5,"505":32,"506":32,"507":32,"509":32,"512":32,"513":55,"515":55,"516":55,"517":50,"520":32,"532":0,"533":0,"541":0,"542":0,"567":2,"568":2,"570":2,"571":2,"572":2,"573":2,"574":2,"575":2,"576":2,"577":2,"578":2,"579":2,"580":2,"582":2,"584":2,"585":2,"587":0,"589":2,"591":2,"595":2,"605":0,"613":0,"614":0,"615":0,"625":0,"626":0,"634":0,"635":0,"636":0,"646":0,"647":0,"655":0,"656":0,"657":0,"667":0,"668":0,"676":0,"677":0,"678":0,"688":0,"689":0,"697":0,"698":0,"699":0,"709":0,"710":0,"718":0,"719":0,"727":0,"728":0,"729":0,"737":0,"738":0,"746":2,"748":2,"749":2,"751":2,"752":2,"753":2,"754":2,"767":28,"768":28,"769":28,"770":25,"771":25,"782":27,"783":27,"784":27,"785":24,"786":24,"796":3,"797":3,"798":3,"799":3,"800":3,"802":3,"804":3,"805":3,"806":3,"808":3,"819":3,"820":3,"822":3,"823":3,"826":3,"827":3,"828":3,"829":3,"830":3,"833":3,"834":3,"836":3,"837":3,"839":3,"841":3,"842":3,"843":3,"846":3,"847":3,"849":3,"860":0,"861":0,"862":0,"864":0,"866":0,"875":2,"876":2,"877":2,"878":2,"879":2,"880":2,"881":2,"882":2,"883":2,"884":2,"897":3,"898":3,"899":3,"901":3,"903":3,"904":3,"906":3,"907":3,"909":3,"910":3,"913":0,"914":0,"916":0,"917":0,"924":3,"925":3,"927":3,"928":3,"929":3,"942":3,"943":3,"944":3,"946":3,"948":3,"949":3,"951":3,"952":3,"954":3,"955":3,"958":0,"959":0,"961":0,"962":0,"969":3,"970":3,"972":3,"973":3,"974":3,"984":32,"985":16,"986":16,"987":16,"988":16,"990":32,"1000":16,"1001":16,"1002":16,"1003":4,"1004":4,"1005":4,"1016":16,"1017":16,"1018":16,"1019":6,"1020":6,"1021":6,"1031":16,"1035":16,"1037":16,"1039":8,"1045":8,"1046":8,"1047":8,"1052":16,"1053":1,"1054":1,"1064":16,"1068":16,"1070":16,"1072":8,"1078":8,"1079":8,"1080":8,"1085":16,"1086":1,"1087":1,"1095":0,"1096":0,"1103":0,"1104":0,"1105":0,"1106":0,"1107":0,"1108":0,"1110":0,"1111":0,"1112":0,"1113":0,"1116":0,"1117":0,"1118":0,"1120":0,"1121":0,"1123":0,"1126":0,"1137":0},"path":"/home/fabio/Jibrel/tranche-benqi-protocol/contracts/IncentivesController.sol","s":{"1":1,"2":1,"3":1,"4":1,"5":96,"6":106,"7":80,"8":80,"9":28,"10":52,"11":29,"12":23,"13":80,"14":65,"15":65,"16":15,"17":76,"18":76,"19":25,"20":51,"21":7,"22":44,"23":76,"24":76,"25":76,"26":0,"27":10,"28":10,"29":10,"30":3,"31":10,"32":3,"33":3,"34":3,"35":3,"36":3,"37":3,"38":1,"39":7,"40":7,"41":7,"42":0,"43":7,"44":0,"45":0,"46":0,"47":0,"48":0,"49":0,"50":0,"51":49,"52":49,"53":18,"54":31,"55":49,"56":49,"57":49,"58":46,"59":46,"60":16,"61":30,"62":46,"63":46,"64":46,"65":0,"66":0,"67":3,"68":3,"69":3,"70":3,"71":0,"72":0,"73":0,"74":0,"75":0,"76":0,"77":0,"78":0,"79":0,"80":0,"81":0,"82":0,"83":0,"84":0,"85":0,"86":0,"87":0,"88":0,"89":0,"90":0,"91":0,"92":0,"93":0,"94":0,"95":0,"96":0,"97":0,"98":0,"99":0,"100":0,"101":0,"102":0,"103":0,"104":0,"105":0,"106":0,"107":0,"108":3,"109":3,"110":3,"111":3,"112":3,"113":3,"114":3,"115":3,"116":0,"117":5,"118":5,"119":5,"120":3,"121":3,"122":3,"123":5,"124":20,"125":20,"126":20,"127":20,"128":20,"129":20,"130":24,"131":24,"132":21,"133":20,"134":33,"135":33,"136":33,"137":33,"138":33,"139":33,"140":51,"141":51,"142":51,"143":8,"144":33,"145":16,"146":16,"147":16,"148":16,"149":16,"150":16,"151":25,"152":25,"153":25,"154":16,"155":5,"156":5,"157":5,"158":3,"159":3,"160":3,"161":5,"162":32,"163":32,"164":32,"165":32,"166":32,"167":55,"168":55,"169":55,"170":50,"171":32,"172":0,"173":0,"174":0,"175":0,"176":2,"177":2,"178":2,"179":2,"180":2,"181":2,"182":2,"183":2,"184":2,"185":2,"186":2,"187":2,"188":2,"189":2,"190":2,"191":2,"192":0,"193":2,"194":2,"195":2,"196":0,"197":0,"198":0,"199":0,"200":0,"201":0,"202":0,"203":0,"204":0,"205":0,"206":0,"207":0,"208":0,"209":0,"210":0,"211":0,"212":0,"213":0,"214":0,"215":0,"216":0,"217":0,"218":0,"219":0,"220":0,"221":0,"222":0,"223":0,"224":0,"225":0,"226":0,"227":0,"228":0,"229":2,"230":2,"231":2,"232":2,"233":2,"234":2,"235":2,"236":28,"237":28,"238":28,"239":25,"240":25,"241":27,"242":27,"243":27,"244":24,"245":24,"246":3,"247":3,"248":3,"249":3,"250":3,"251":3,"252":3,"253":3,"254":3,"255":3,"256":3,"257":3,"258":3,"259":3,"260":3,"261":3,"262":3,"263":3,"264":3,"265":3,"266":3,"267":3,"268":3,"269":3,"270":3,"271":3,"272":3,"273":3,"274":3,"275":3,"276":0,"277":0,"278":0,"279":0,"280":0,"281":2,"282":2,"283":2,"284":2,"285":2,"286":2,"287":2,"288":2,"289":2,"290":2,"291":3,"292":3,"293":3,"294":3,"295":3,"296":3,"297":3,"298":3,"299":3,"300":3,"301":0,"302":0,"303":0,"304":0,"305":3,"306":3,"307":3,"308":3,"309":3,"310":3,"311":3,"312":3,"313":3,"314":3,"315":3,"316":3,"317":3,"318":3,"319":3,"320":0,"321":0,"322":0,"323":0,"324":3,"325":3,"326":3,"327":3,"328":3,"329":32,"330":16,"331":16,"332":16,"333":16,"334":32,"335":16,"336":16,"337":16,"338":4,"339":4,"340":4,"341":16,"342":16,"343":16,"344":6,"345":6,"346":6,"347":16,"348":16,"349":16,"350":8,"351":8,"352":8,"353":8,"354":16,"355":1,"356":1,"357":16,"358":16,"359":16,"360":8,"361":8,"362":8,"363":8,"364":16,"365":1,"366":1,"367":0,"368":0,"369":0,"370":0,"371":0,"372":0,"373":0,"374":0,"375":0,"376":0,"377":0,"378":0,"379":0,"380":0,"381":0,"382":0,"383":0,"384":0,"385":0,"386":0},"b":{"1":[28,52],"2":[29,23],"3":[65,15],"4":[25,51],"5":[7,44],"6":[76,0],"7":[10,0],"8":[3,0],"9":[3,7],"10":[1,2],"11":[7,0],"12":[0,0],"13":[0,7],"14":[0,0],"15":[18,31],"16":[16,30],"17":[3,0],"18":[0,0],"19":[0,0],"20":[3,2],"21":[21,3],"22":[33,0],"23":[8,43],"24":[25,0],"25":[3,2],"26":[32,0],"27":[50,5],"28":[0,0],"29":[0,0],"30":[2,0],"31":[2,0],"32":[2,0],"33":[2,0],"34":[0,0],"35":[0,0],"36":[0,0],"37":[0,0],"38":[0,0],"39":[0,0],"40":[0,0],"41":[0,0],"42":[0,0],"43":[0,0],"44":[0,0],"45":[0,0],"46":[2,0],"47":[2,0],"48":[25,3],"49":[24,3],"50":[3,0],"51":[3,0],"52":[3,0],"53":[3,0],"54":[3,0],"55":[3,0],"56":[3,0],"57":[3,0],"58":[0,0],"59":[0,0],"60":[0,0],"61":[3,0],"62":[3,0],"63":[3,0],"64":[3,0],"65":[3,0],"66":[3,0],"67":[4,12],"68":[6,10],"69":[8,8],"70":[1,15],"71":[8,8],"72":[1,15],"73":[0,0],"74":[0,0]},"f":{"1":1,"2":96,"3":106,"4":80,"5":76,"6":10,"7":7,"8":49,"9":46,"10":0,"11":0,"12":3,"13":0,"14":0,"15":0,"16":0,"17":3,"18":0,"19":5,"20":20,"21":33,"22":16,"23":5,"24":32,"25":0,"26":0,"27":2,"28":0,"29":0,"30":0,"31":0,"32":0,"33":0,"34":0,"35":0,"36":0,"37":0,"38":0,"39":0,"40":0,"41":0,"42":2,"43":28,"44":27,"45":3,"46":3,"47":0,"48":2,"49":3,"50":3,"51":32,"52":16,"53":16,"54":16,"55":16,"56":0,"57":0,"58":0},"fnMap":{"1":{"name":"initialize","line":42,"loc":{"start":{"line":42,"column":4},"end":{"line":47,"column":4}}},"2":{"name":"lastTimeTrARewardApplicable","line":56,"loc":{"start":{"line":56,"column":4},"end":{"line":58,"column":4}}},"3":{"name":"lastTimeTrBRewardApplicable","line":66,"loc":{"start":{"line":66,"column":4},"end":{"line":68,"column":4}}},"4":{"name":"rewardPerTrAToken","line":76,"loc":{"start":{"line":76,"column":4},"end":{"line":95,"column":4}}},"5":{"name":"rewardPerTrBToken","line":103,"loc":{"start":{"line":103,"column":4},"end":{"line":122,"column":4}}},"6":{"name":"trancheANewEnter","line":129,"loc":{"start":{"line":129,"column":4},"end":{"line":148,"column":4}}},"7":{"name":"trancheBNewEnter","line":155,"loc":{"start":{"line":155,"column":4},"end":{"line":174,"column":4}}},"8":{"name":"trAEarned","line":183,"loc":{"start":{"line":183,"column":4},"end":{"line":201,"column":4}}},"9":{"name":"trBEarned","line":210,"loc":{"start":{"line":210,"column":4},"end":{"line":228,"column":4}}},"10":{"name":"getATrancheMarket","line":235,"loc":{"start":{"line":235,"column":4},"end":{"line":237,"column":4}}},"11":{"name":"getBTrancheMarket","line":244,"loc":{"start":{"line":244,"column":4},"end":{"line":246,"column":4}}},"12":{"name":"getMarketRewardsPercentage","line":252,"loc":{"start":{"line":252,"column":4},"end":{"line":259,"column":4}}},"13":{"name":"getMarketTrancheATVL","line":266,"loc":{"start":{"line":266,"column":4},"end":{"line":275,"column":4}}},"14":{"name":"getMarketTrancheBTVL","line":282,"loc":{"start":{"line":282,"column":4},"end":{"line":291,"column":4}}},"15":{"name":"getAllMarketsTVL","line":297,"loc":{"start":{"line":297,"column":4},"end":{"line":319,"column":4}}},"16":{"name":"getMarketSharePerTranche","line":327,"loc":{"start":{"line":327,"column":4},"end":{"line":342,"column":4}}},"17":{"name":"getTrBRewardsPercent","line":349,"loc":{"start":{"line":349,"column":4},"end":{"line":359,"column":4}}},"18":{"name":"getTokenBalance","line":366,"loc":{"start":{"line":366,"column":4},"end":{"line":368,"column":4}}},"19":{"name":"getHistoricalUnclaimedRewardsAmountTrA","line":375,"loc":{"start":{"line":375,"column":4},"end":{"line":395,"column":4}}},"20":{"name":"getCurrentBalanceTrA","line":402,"loc":{"start":{"line":402,"column":4},"end":{"line":420,"column":4}}},"21":{"name":"getHistoricalBalanceTrA","line":428,"loc":{"start":{"line":428,"column":4},"end":{"line":444,"column":4}}},"22":{"name":"getCurrentBalanceTrB","line":452,"loc":{"start":{"line":452,"column":4},"end":{"line":468,"column":4}}},"23":{"name":"getHistoricalUnclaimedRewardsAmountTrB","line":475,"loc":{"start":{"line":475,"column":4},"end":{"line":495,"column":4}}},"24":{"name":"getHistoricalBalanceTrB","line":504,"loc":{"start":{"line":504,"column":4},"end":{"line":521,"column":4}}},"25":{"name":"setRewardTokenAddress","line":531,"loc":{"start":{"line":531,"column":4},"end":{"line":534,"column":4}}},"26":{"name":"setMarketHelperAddress","line":540,"loc":{"start":{"line":540,"column":4},"end":{"line":543,"column":4}}},"27":{"name":"addTrancheMarket","line":566,"loc":{"start":{"line":557,"column":4},"end":{"line":596,"column":4}}},"28":{"name":"enableSingleMarket","line":604,"loc":{"start":{"line":604,"column":4},"end":{"line":606,"column":4}}},"29":{"name":"enableAllMarket","line":612,"loc":{"start":{"line":612,"column":4},"end":{"line":617,"column":4}}},"30":{"name":"setRewardsPercentageSingleMarket","line":624,"loc":{"start":{"line":624,"column":4},"end":{"line":627,"column":4}}},"31":{"name":"setRewardsPercentageAllMarkets","line":633,"loc":{"start":{"line":633,"column":4},"end":{"line":638,"column":4}}},"32":{"name":"setExtProtocolPercentSingleMarket","line":645,"loc":{"start":{"line":645,"column":4},"end":{"line":648,"column":4}}},"33":{"name":"setExtProtocolPercentAllMarkets","line":654,"loc":{"start":{"line":654,"column":4},"end":{"line":659,"column":4}}},"34":{"name":"setBalanceFactorSingleMarket","line":666,"loc":{"start":{"line":666,"column":4},"end":{"line":669,"column":4}}},"35":{"name":"setBalanceFactorAllMarkets","line":675,"loc":{"start":{"line":675,"column":4},"end":{"line":680,"column":4}}},"36":{"name":"setUnderlyingDecimalsSingleMarket","line":687,"loc":{"start":{"line":687,"column":4},"end":{"line":690,"column":4}}},"37":{"name":"setUnderlyingDecimalsAllMarkets","line":696,"loc":{"start":{"line":696,"column":4},"end":{"line":701,"column":4}}},"38":{"name":"setUnderlyingPriceManuallySingleMarket","line":708,"loc":{"start":{"line":708,"column":4},"end":{"line":711,"column":4}}},"39":{"name":"setUnderlyingPriceFromChainlinkSingleMarket","line":717,"loc":{"start":{"line":717,"column":4},"end":{"line":720,"column":4}}},"40":{"name":"setUnderlyingPriceManuallyAllMarkets","line":726,"loc":{"start":{"line":726,"column":4},"end":{"line":731,"column":4}}},"41":{"name":"setUnderlyingPriceFromChainlinkAllMarkets","line":736,"loc":{"start":{"line":736,"column":4},"end":{"line":740,"column":4}}},"42":{"name":"freezeTotalSupplyAllMarkets","line":745,"loc":{"start":{"line":745,"column":4},"end":{"line":756,"column":4}}},"43":{"name":"updateRewardsPerMarketTrancheA","line":766,"loc":{"start":{"line":766,"column":4},"end":{"line":773,"column":4}}},"44":{"name":"updateRewardsPerMarketTrancheB","line":781,"loc":{"start":{"line":781,"column":4},"end":{"line":788,"column":4}}},"45":{"name":"updateRewardAmountsAllMarkets","line":795,"loc":{"start":{"line":795,"column":4},"end":{"line":809,"column":4}}},"46":{"name":"updateRewardsSingleMarketInternal","line":818,"loc":{"start":{"line":818,"column":4},"end":{"line":851,"column":4}}},"47":{"name":"updateRewardsSingleMarket","line":859,"loc":{"start":{"line":859,"column":4},"end":{"line":867,"column":4}}},"48":{"name":"initRewardsSingleMarket","line":874,"loc":{"start":{"line":874,"column":4},"end":{"line":885,"column":4}}},"49":{"name":"notifyRewardAmountTrancheA","line":894,"loc":{"start":{"line":894,"column":4},"end":{"line":930,"column":4}}},"50":{"name":"notifyRewardAmountTrancheB","line":939,"loc":{"start":{"line":939,"column":4},"end":{"line":975,"column":4}}},"51":{"name":"claimRewardsAllMarkets","line":982,"loc":{"start":{"line":982,"column":4},"end":{"line":991,"column":4}}},"52":{"name":"claimRewardSingleMarketTrA","line":999,"loc":{"start":{"line":999,"column":4},"end":{"line":1007,"column":4}}},"53":{"name":"claimRewardSingleMarketTrB","line":1015,"loc":{"start":{"line":1015,"column":4},"end":{"line":1023,"column":4}}},"54":{"name":"claimHistoricalRewardSingleMarketTrA","line":1030,"loc":{"start":{"line":1030,"column":4},"end":{"line":1056,"column":4}}},"55":{"name":"claimHistoricalRewardSingleMarketTrB","line":1063,"loc":{"start":{"line":1063,"column":4},"end":{"line":1089,"column":4}}},"56":{"name":"refreshSliceSpeeds","line":1094,"loc":{"start":{"line":1094,"column":4},"end":{"line":1097,"column":4}}},"57":{"name":"refreshSliceSpeedsInternal","line":1102,"loc":{"start":{"line":1102,"column":4},"end":{"line":1128,"column":4}}},"58":{"name":"emergencyTokenTransfer","line":1136,"loc":{"start":{"line":1136,"column":4},"end":{"line":1138,"column":4}}}},"statementMap":{"1":{"start":{"line":43,"column":8},"end":{"line":43,"column":42}},"2":{"start":{"line":44,"column":8},"end":{"line":44,"column":35}},"3":{"start":{"line":45,"column":8},"end":{"line":45,"column":36}},"4":{"start":{"line":46,"column":8},"end":{"line":46,"column":40}},"5":{"start":{"line":57,"column":8},"end":{"line":57,"column":110}},"6":{"start":{"line":67,"column":8},"end":{"line":67,"column":110}},"7":{"start":{"line":77,"column":8},"end":{"line":77,"column":28}},"8":{"start":{"line":78,"column":8},"end":{"line":78,"column":3595}},"9":{"start":{"line":80,"column":12},"end":{"line":80,"column":96}},"10":{"start":{"line":82,"column":12},"end":{"line":82,"column":3985}},"11":{"start":{"line":83,"column":16},"end":{"line":83,"column":100}},"12":{"start":{"line":85,"column":16},"end":{"line":85,"column":91}},"13":{"start":{"line":88,"column":8},"end":{"line":88,"column":4210}},"14":{"start":{"line":89,"column":12},"end":{"line":89,"column":148}},"15":{"start":{"line":90,"column":12},"end":{"line":90,"column":4507}},"16":{"start":{"line":93,"column":12},"end":{"line":93,"column":84}},"17":{"start":{"line":104,"column":8},"end":{"line":104,"column":28}},"18":{"start":{"line":105,"column":8},"end":{"line":105,"column":5027}},"19":{"start":{"line":107,"column":12},"end":{"line":107,"column":96}},"20":{"start":{"line":109,"column":12},"end":{"line":109,"column":5417}},"21":{"start":{"line":110,"column":16},"end":{"line":110,"column":100}},"22":{"start":{"line":112,"column":16},"end":{"line":112,"column":91}},"23":{"start":{"line":115,"column":8},"end":{"line":115,"column":5643}},"24":{"start":{"line":116,"column":12},"end":{"line":116,"column":148}},"25":{"start":{"line":117,"column":12},"end":{"line":117,"column":5940}},"26":{"start":{"line":120,"column":12},"end":{"line":120,"column":84}},"27":{"start":{"line":130,"column":8},"end":{"line":130,"column":61}},"28":{"start":{"line":132,"column":8},"end":{"line":132,"column":14}},"29":{"start":{"line":133,"column":8},"end":{"line":133,"column":6534}},"30":{"start":{"line":134,"column":12},"end":{"line":134,"column":6598}},"31":{"start":{"line":137,"column":8},"end":{"line":137,"column":6673}},"32":{"start":{"line":138,"column":12},"end":{"line":138,"column":33}},"33":{"start":{"line":139,"column":12},"end":{"line":139,"column":89}},"34":{"start":{"line":140,"column":12},"end":{"line":140,"column":42}},"35":{"start":{"line":141,"column":12},"end":{"line":141,"column":78}},"36":{"start":{"line":142,"column":12},"end":{"line":142,"column":101}},"37":{"start":{"line":144,"column":12},"end":{"line":144,"column":7081}},"38":{"start":{"line":145,"column":16},"end":{"line":145,"column":77}},"39":{"start":{"line":156,"column":8},"end":{"line":156,"column":61}},"40":{"start":{"line":158,"column":8},"end":{"line":158,"column":14}},"41":{"start":{"line":159,"column":8},"end":{"line":159,"column":7636}},"42":{"start":{"line":160,"column":12},"end":{"line":160,"column":7700}},"43":{"start":{"line":163,"column":8},"end":{"line":163,"column":7775}},"44":{"start":{"line":164,"column":12},"end":{"line":164,"column":33}},"45":{"start":{"line":165,"column":12},"end":{"line":165,"column":89}},"46":{"start":{"line":166,"column":12},"end":{"line":166,"column":42}},"47":{"start":{"line":167,"column":12},"end":{"line":167,"column":78}},"48":{"start":{"line":168,"column":12},"end":{"line":168,"column":101}},"49":{"start":{"line":170,"column":12},"end":{"line":170,"column":8171}},"50":{"start":{"line":171,"column":16},"end":{"line":171,"column":77}},"51":{"start":{"line":184,"column":8},"end":{"line":184,"column":23}},"52":{"start":{"line":185,"column":8},"end":{"line":185,"column":8696}},"53":{"start":{"line":188,"column":12},"end":{"line":188,"column":63}},"54":{"start":{"line":190,"column":12},"end":{"line":190,"column":79}},"55":{"start":{"line":193,"column":8},"end":{"line":193,"column":73}},"56":{"start":{"line":195,"column":8},"end":{"line":195,"column":99}},"57":{"start":{"line":197,"column":12},"end":{"line":197,"column":131}},"58":{"start":{"line":211,"column":8},"end":{"line":211,"column":23}},"59":{"start":{"line":212,"column":8},"end":{"line":212,"column":10103}},"60":{"start":{"line":215,"column":12},"end":{"line":215,"column":63}},"61":{"start":{"line":217,"column":12},"end":{"line":217,"column":79}},"62":{"start":{"line":220,"column":8},"end":{"line":220,"column":73}},"63":{"start":{"line":222,"column":8},"end":{"line":222,"column":99}},"64":{"start":{"line":224,"column":12},"end":{"line":224,"column":131}},"65":{"start":{"line":236,"column":8},"end":{"line":236,"column":52}},"66":{"start":{"line":245,"column":8},"end":{"line":245,"column":52}},"67":{"start":{"line":253,"column":8},"end":{"line":253,"column":11933}},"68":{"start":{"line":254,"column":12},"end":{"line":254,"column":11996}},"69":{"start":{"line":255,"column":16},"end":{"line":255,"column":104}},"70":{"start":{"line":258,"column":8},"end":{"line":258,"column":30}},"71":{"start":{"line":267,"column":8},"end":{"line":267,"column":65}},"72":{"start":{"line":268,"column":8},"end":{"line":268,"column":70}},"73":{"start":{"line":271,"column":8},"end":{"line":271,"column":81}},"74":{"start":{"line":272,"column":8},"end":{"line":272,"column":83}},"75":{"start":{"line":273,"column":8},"end":{"line":273,"column":115}},"76":{"start":{"line":274,"column":8},"end":{"line":274,"column":24}},"77":{"start":{"line":283,"column":8},"end":{"line":283,"column":65}},"78":{"start":{"line":284,"column":8},"end":{"line":284,"column":70}},"79":{"start":{"line":287,"column":8},"end":{"line":287,"column":81}},"80":{"start":{"line":288,"column":8},"end":{"line":288,"column":83}},"81":{"start":{"line":289,"column":8},"end":{"line":289,"column":115}},"82":{"start":{"line":290,"column":8},"end":{"line":290,"column":24}},"83":{"start":{"line":298,"column":8},"end":{"line":298,"column":28}},"84":{"start":{"line":299,"column":8},"end":{"line":299,"column":25}},"85":{"start":{"line":300,"column":8},"end":{"line":300,"column":22}},"86":{"start":{"line":301,"column":8},"end":{"line":301,"column":27}},"87":{"start":{"line":302,"column":8},"end":{"line":302,"column":26}},"88":{"start":{"line":303,"column":8},"end":{"line":303,"column":28}},"89":{"start":{"line":305,"column":8},"end":{"line":305,"column":14238}},"90":{"start":{"line":306,"column":12},"end":{"line":306,"column":14301}},"91":{"start":{"line":307,"column":16},"end":{"line":307,"column":55}},"92":{"start":{"line":308,"column":16},"end":{"line":308,"column":60}},"93":{"start":{"line":311,"column":16},"end":{"line":311,"column":71}},"94":{"start":{"line":312,"column":16},"end":{"line":312,"column":73}},"95":{"start":{"line":313,"column":16},"end":{"line":313,"column":125}},"96":{"start":{"line":314,"column":16},"end":{"line":314,"column":60}},"97":{"start":{"line":318,"column":8},"end":{"line":318,"column":27}},"98":{"start":{"line":328,"column":8},"end":{"line":328,"column":64}},"99":{"start":{"line":330,"column":8},"end":{"line":330,"column":15440}},"100":{"start":{"line":331,"column":12},"end":{"line":331,"column":69}},"101":{"start":{"line":332,"column":12},"end":{"line":332,"column":74}},"102":{"start":{"line":335,"column":12},"end":{"line":335,"column":85}},"103":{"start":{"line":336,"column":12},"end":{"line":336,"column":87}},"104":{"start":{"line":337,"column":12},"end":{"line":337,"column":128}},"105":{"start":{"line":338,"column":12},"end":{"line":338,"column":61}},"106":{"start":{"line":340,"column":12},"end":{"line":340,"column":26}},"107":{"start":{"line":341,"column":8},"end":{"line":341,"column":26}},"108":{"start":{"line":350,"column":8},"end":{"line":350,"column":65}},"109":{"start":{"line":351,"column":8},"end":{"line":351,"column":70}},"110":{"start":{"line":352,"column":8},"end":{"line":352,"column":86}},"111":{"start":{"line":353,"column":8},"end":{"line":353,"column":88}},"112":{"start":{"line":354,"column":8},"end":{"line":354,"column":80}},"113":{"start":{"line":355,"column":8},"end":{"line":355,"column":71}},"114":{"start":{"line":356,"column":8},"end":{"line":356,"column":17102}},"115":{"start":{"line":358,"column":8},"end":{"line":358,"column":25}},"116":{"start":{"line":367,"column":8},"end":{"line":367,"column":65}},"117":{"start":{"line":376,"column":8},"end":{"line":376,"column":88}},"118":{"start":{"line":379,"column":8},"end":{"line":379,"column":27}},"119":{"start":{"line":381,"column":8},"end":{"line":381,"column":18096}},"120":{"start":{"line":383,"column":12},"end":{"line":383,"column":18247}},"121":{"start":{"line":388,"column":24},"end":{"line":388,"column":82}},"122":{"start":{"line":389,"column":24},"end":{"line":389,"column":67}},"123":{"start":{"line":394,"column":8},"end":{"line":394,"column":26}},"124":{"start":{"line":403,"column":8},"end":{"line":403,"column":93}},"125":{"start":{"line":404,"column":8},"end":{"line":404,"column":73}},"126":{"start":{"line":405,"column":8},"end":{"line":405,"column":19528}},"127":{"start":{"line":407,"column":8},"end":{"line":407,"column":88}},"128":{"start":{"line":408,"column":8},"end":{"line":408,"column":29}},"129":{"start":{"line":411,"column":8},"end":{"line":411,"column":19801}},"130":{"start":{"line":412,"column":12},"end":{"line":412,"column":19982}},"131":{"start":{"line":415,"column":12},"end":{"line":415,"column":20060}},"132":{"start":{"line":416,"column":16},"end":{"line":416,"column":56}},"133":{"start":{"line":419,"column":8},"end":{"line":419,"column":28}},"134":{"start":{"line":429,"column":8},"end":{"line":429,"column":93}},"135":{"start":{"line":430,"column":8},"end":{"line":430,"column":73}},"136":{"start":{"line":431,"column":8},"end":{"line":431,"column":73}},"137":{"start":{"line":432,"column":8},"end":{"line":432,"column":137}},"138":{"start":{"line":433,"column":8},"end":{"line":433,"column":26}},"139":{"start":{"line":436,"column":8},"end":{"line":436,"column":21114}},"140":{"start":{"line":437,"column":12},"end":{"line":437,"column":164}},"141":{"start":{"line":438,"column":12},"end":{"line":438,"column":87}},"142":{"start":{"line":439,"column":12},"end":{"line":439,"column":21432}},"143":{"start":{"line":440,"column":16},"end":{"line":440,"column":50}},"144":{"start":{"line":443,"column":8},"end":{"line":443,"column":25}},"145":{"start":{"line":453,"column":8},"end":{"line":453,"column":93}},"146":{"start":{"line":454,"column":8},"end":{"line":454,"column":73}},"147":{"start":{"line":455,"column":8},"end":{"line":455,"column":137}},"148":{"start":{"line":456,"column":8},"end":{"line":456,"column":88}},"149":{"start":{"line":457,"column":8},"end":{"line":457,"column":29}},"150":{"start":{"line":460,"column":8},"end":{"line":460,"column":22426}},"151":{"start":{"line":461,"column":12},"end":{"line":461,"column":164}},"152":{"start":{"line":463,"column":12},"end":{"line":463,"column":22668}},"153":{"start":{"line":464,"column":16},"end":{"line":464,"column":56}},"154":{"start":{"line":467,"column":8},"end":{"line":467,"column":28}},"155":{"start":{"line":476,"column":8},"end":{"line":476,"column":87}},"156":{"start":{"line":479,"column":8},"end":{"line":479,"column":27}},"157":{"start":{"line":481,"column":8},"end":{"line":481,"column":23465}},"158":{"start":{"line":483,"column":12},"end":{"line":483,"column":23615}},"159":{"start":{"line":488,"column":24},"end":{"line":488,"column":82}},"160":{"start":{"line":489,"column":24},"end":{"line":489,"column":67}},"161":{"start":{"line":494,"column":8},"end":{"line":494,"column":26}},"162":{"start":{"line":505,"column":8},"end":{"line":505,"column":93}},"163":{"start":{"line":506,"column":8},"end":{"line":506,"column":73}},"164":{"start":{"line":507,"column":8},"end":{"line":507,"column":25002}},"165":{"start":{"line":509,"column":8},"end":{"line":509,"column":26}},"166":{"start":{"line":512,"column":8},"end":{"line":512,"column":25182}},"167":{"start":{"line":513,"column":12},"end":{"line":513,"column":25399}},"168":{"start":{"line":515,"column":12},"end":{"line":515,"column":87}},"169":{"start":{"line":516,"column":12},"end":{"line":516,"column":25553}},"170":{"start":{"line":517,"column":16},"end":{"line":517,"column":50}},"171":{"start":{"line":520,"column":8},"end":{"line":520,"column":25}},"172":{"start":{"line":532,"column":8},"end":{"line":532,"column":80}},"173":{"start":{"line":533,"column":8},"end":{"line":533,"column":35}},"174":{"start":{"line":541,"column":8},"end":{"line":541,"column":84}},"175":{"start":{"line":542,"column":8},"end":{"line":542,"column":36}},"176":{"start":{"line":567,"column":8},"end":{"line":567,"column":91}},"177":{"start":{"line":568,"column":8},"end":{"line":568,"column":101}},"178":{"start":{"line":570,"column":8},"end":{"line":570,"column":60}},"179":{"start":{"line":571,"column":8},"end":{"line":571,"column":76}},"180":{"start":{"line":572,"column":8},"end":{"line":572,"column":112}},"181":{"start":{"line":573,"column":8},"end":{"line":573,"column":111}},"182":{"start":{"line":574,"column":8},"end":{"line":574,"column":61}},"183":{"start":{"line":575,"column":8},"end":{"line":575,"column":61}},"184":{"start":{"line":576,"column":8},"end":{"line":576,"column":66}},"185":{"start":{"line":577,"column":8},"end":{"line":577,"column":54}},"186":{"start":{"line":578,"column":8},"end":{"line":578,"column":78}},"187":{"start":{"line":579,"column":8},"end":{"line":579,"column":90}},"188":{"start":{"line":580,"column":8},"end":{"line":580,"column":83}},"189":{"start":{"line":582,"column":8},"end":{"line":582,"column":122}},"190":{"start":{"line":584,"column":8},"end":{"line":584,"column":29223}},"191":{"start":{"line":585,"column":12},"end":{"line":585,"column":85}},"192":{"start":{"line":587,"column":12},"end":{"line":587,"column":145}},"193":{"start":{"line":589,"column":8},"end":{"line":589,"column":46}},"194":{"start":{"line":591,"column":8},"end":{"line":591,"column":29512}},"195":{"start":{"line":595,"column":8},"end":{"line":595,"column":45}},"196":{"start":{"line":605,"column":8},"end":{"line":605,"column":53}},"197":{"start":{"line":613,"column":8},"end":{"line":613,"column":105}},"198":{"start":{"line":614,"column":8},"end":{"line":614,"column":30407}},"199":{"start":{"line":615,"column":12},"end":{"line":615,"column":52}},"200":{"start":{"line":625,"column":8},"end":{"line":625,"column":89}},"201":{"start":{"line":626,"column":8},"end":{"line":626,"column":80}},"202":{"start":{"line":634,"column":8},"end":{"line":634,"column":115}},"203":{"start":{"line":635,"column":8},"end":{"line":635,"column":31337}},"204":{"start":{"line":636,"column":12},"end":{"line":636,"column":79}},"205":{"start":{"line":646,"column":8},"end":{"line":646,"column":89}},"206":{"start":{"line":647,"column":8},"end":{"line":647,"column":72}},"207":{"start":{"line":655,"column":8},"end":{"line":655,"column":116}},"208":{"start":{"line":656,"column":8},"end":{"line":656,"column":32326}},"209":{"start":{"line":657,"column":12},"end":{"line":657,"column":71}},"210":{"start":{"line":667,"column":8},"end":{"line":667,"column":89}},"211":{"start":{"line":668,"column":8},"end":{"line":668,"column":62}},"212":{"start":{"line":676,"column":8},"end":{"line":676,"column":114}},"213":{"start":{"line":677,"column":8},"end":{"line":677,"column":33295}},"214":{"start":{"line":678,"column":12},"end":{"line":678,"column":61}},"215":{"start":{"line":688,"column":8},"end":{"line":688,"column":89}},"216":{"start":{"line":689,"column":8},"end":{"line":689,"column":74}},"217":{"start":{"line":697,"column":8},"end":{"line":697,"column":120}},"218":{"start":{"line":698,"column":8},"end":{"line":698,"column":34172}},"219":{"start":{"line":699,"column":12},"end":{"line":699,"column":72}},"220":{"start":{"line":709,"column":8},"end":{"line":709,"column":89}},"221":{"start":{"line":710,"column":8},"end":{"line":710,"column":67}},"222":{"start":{"line":718,"column":8},"end":{"line":718,"column":89}},"223":{"start":{"line":719,"column":8},"end":{"line":719,"column":133}},"224":{"start":{"line":727,"column":8},"end":{"line":727,"column":104}},"225":{"start":{"line":728,"column":8},"end":{"line":728,"column":35623}},"226":{"start":{"line":729,"column":12},"end":{"line":729,"column":66}},"227":{"start":{"line":737,"column":8},"end":{"line":737,"column":35943}},"228":{"start":{"line":738,"column":12},"end":{"line":738,"column":57}},"229":{"start":{"line":746,"column":8},"end":{"line":746,"column":36210}},"230":{"start":{"line":748,"column":12},"end":{"line":748,"column":83}},"231":{"start":{"line":749,"column":12},"end":{"line":749,"column":83}},"232":{"start":{"line":751,"column":12},"end":{"line":751,"column":36754}},"233":{"start":{"line":752,"column":16},"end":{"line":752,"column":131}},"234":{"start":{"line":753,"column":12},"end":{"line":753,"column":36972}},"235":{"start":{"line":754,"column":16},"end":{"line":754,"column":131}},"236":{"start":{"line":767,"column":8},"end":{"line":767,"column":117}},"237":{"start":{"line":768,"column":8},"end":{"line":768,"column":121}},"238":{"start":{"line":769,"column":8},"end":{"line":769,"column":37674}},"239":{"start":{"line":770,"column":12},"end":{"line":770,"column":103}},"240":{"start":{"line":771,"column":12},"end":{"line":771,"column":139}},"241":{"start":{"line":782,"column":8},"end":{"line":782,"column":117}},"242":{"start":{"line":783,"column":8},"end":{"line":783,"column":121}},"243":{"start":{"line":784,"column":8},"end":{"line":784,"column":38532}},"244":{"start":{"line":785,"column":12},"end":{"line":785,"column":103}},"245":{"start":{"line":786,"column":12},"end":{"line":786,"column":139}},"246":{"start":{"line":796,"column":8},"end":{"line":796,"column":69}},"247":{"start":{"line":797,"column":8},"end":{"line":797,"column":98}},"248":{"start":{"line":798,"column":8},"end":{"line":798,"column":106}},"249":{"start":{"line":799,"column":8},"end":{"line":799,"column":57}},"250":{"start":{"line":800,"column":8},"end":{"line":800,"column":123}},"251":{"start":{"line":802,"column":8},"end":{"line":802,"column":125}},"252":{"start":{"line":804,"column":8},"end":{"line":804,"column":39795}},"253":{"start":{"line":805,"column":12},"end":{"line":805,"column":116}},"254":{"start":{"line":806,"column":12},"end":{"line":806,"column":82}},"255":{"start":{"line":808,"column":8},"end":{"line":808,"column":60}},"256":{"start":{"line":819,"column":8},"end":{"line":819,"column":40599}},"257":{"start":{"line":820,"column":12},"end":{"line":820,"column":65}},"258":{"start":{"line":822,"column":12},"end":{"line":822,"column":71}},"259":{"start":{"line":823,"column":12},"end":{"line":823,"column":60}},"260":{"start":{"line":826,"column":12},"end":{"line":826,"column":93}},"261":{"start":{"line":827,"column":12},"end":{"line":827,"column":41281}},"262":{"start":{"line":828,"column":16},"end":{"line":828,"column":150}},"263":{"start":{"line":829,"column":12},"end":{"line":829,"column":41519}},"264":{"start":{"line":830,"column":16},"end":{"line":830,"column":150}},"265":{"start":{"line":833,"column":12},"end":{"line":833,"column":80}},"266":{"start":{"line":834,"column":12},"end":{"line":834,"column":78}},"267":{"start":{"line":836,"column":12},"end":{"line":836,"column":80}},"268":{"start":{"line":837,"column":12},"end":{"line":837,"column":78}},"269":{"start":{"line":839,"column":12},"end":{"line":839,"column":92}},"270":{"start":{"line":841,"column":12},"end":{"line":841,"column":42088}},"271":{"start":{"line":842,"column":16},"end":{"line":842,"column":84}},"272":{"start":{"line":843,"column":16},"end":{"line":843,"column":84}},"273":{"start":{"line":846,"column":12},"end":{"line":846,"column":90}},"274":{"start":{"line":847,"column":12},"end":{"line":847,"column":90}},"275":{"start":{"line":849,"column":12},"end":{"line":849,"column":84}},"276":{"start":{"line":860,"column":8},"end":{"line":860,"column":100}},"277":{"start":{"line":861,"column":8},"end":{"line":861,"column":89}},"278":{"start":{"line":862,"column":8},"end":{"line":862,"column":95}},"279":{"start":{"line":864,"column":8},"end":{"line":864,"column":126}},"280":{"start":{"line":866,"column":8},"end":{"line":866,"column":85}},"281":{"start":{"line":875,"column":8},"end":{"line":875,"column":68}},"282":{"start":{"line":876,"column":8},"end":{"line":876,"column":68}},"283":{"start":{"line":877,"column":8},"end":{"line":877,"column":61}},"284":{"start":{"line":878,"column":8},"end":{"line":878,"column":61}},"285":{"start":{"line":879,"column":8},"end":{"line":879,"column":74}},"286":{"start":{"line":880,"column":8},"end":{"line":880,"column":74}},"287":{"start":{"line":881,"column":8},"end":{"line":881,"column":76}},"288":{"start":{"line":882,"column":8},"end":{"line":882,"column":76}},"289":{"start":{"line":883,"column":8},"end":{"line":883,"column":66}},"290":{"start":{"line":884,"column":8},"end":{"line":884,"column":66}},"291":{"start":{"line":897,"column":8},"end":{"line":897,"column":121}},"292":{"start":{"line":898,"column":8},"end":{"line":898,"column":88}},"293":{"start":{"line":899,"column":8},"end":{"line":899,"column":168}},"294":{"start":{"line":901,"column":8},"end":{"line":901,"column":45358}},"295":{"start":{"line":903,"column":12},"end":{"line":903,"column":137}},"296":{"start":{"line":904,"column":12},"end":{"line":904,"column":83}},"297":{"start":{"line":906,"column":12},"end":{"line":906,"column":84}},"298":{"start":{"line":907,"column":12},"end":{"line":907,"column":104}},"299":{"start":{"line":909,"column":12},"end":{"line":909,"column":121}},"300":{"start":{"line":910,"column":12},"end":{"line":910,"column":125}},"301":{"start":{"line":913,"column":12},"end":{"line":913,"column":110}},"302":{"start":{"line":914,"column":12},"end":{"line":914,"column":101}},"303":{"start":{"line":916,"column":12},"end":{"line":916,"column":118}},"304":{"start":{"line":917,"column":12},"end":{"line":917,"column":98}},"305":{"start":{"line":924,"column":8},"end":{"line":924,"column":89}},"306":{"start":{"line":925,"column":8},"end":{"line":925,"column":153}},"307":{"start":{"line":927,"column":8},"end":{"line":927,"column":84}},"308":{"start":{"line":928,"column":8},"end":{"line":928,"column":104}},"309":{"start":{"line":929,"column":8},"end":{"line":929,"column":106}},"310":{"start":{"line":942,"column":8},"end":{"line":942,"column":121}},"311":{"start":{"line":943,"column":8},"end":{"line":943,"column":88}},"312":{"start":{"line":944,"column":8},"end":{"line":944,"column":168}},"313":{"start":{"line":946,"column":8},"end":{"line":946,"column":48664}},"314":{"start":{"line":948,"column":12},"end":{"line":948,"column":137}},"315":{"start":{"line":949,"column":12},"end":{"line":949,"column":83}},"316":{"start":{"line":951,"column":12},"end":{"line":951,"column":84}},"317":{"start":{"line":952,"column":12},"end":{"line":952,"column":104}},"318":{"start":{"line":954,"column":12},"end":{"line":954,"column":121}},"319":{"start":{"line":955,"column":12},"end":{"line":955,"column":125}},"320":{"start":{"line":958,"column":12},"end":{"line":958,"column":110}},"321":{"start":{"line":959,"column":12},"end":{"line":959,"column":101}},"322":{"start":{"line":961,"column":12},"end":{"line":961,"column":118}},"323":{"start":{"line":962,"column":12},"end":{"line":962,"column":98}},"324":{"start":{"line":969,"column":8},"end":{"line":969,"column":89}},"325":{"start":{"line":970,"column":8},"end":{"line":970,"column":153}},"326":{"start":{"line":972,"column":8},"end":{"line":972,"column":84}},"327":{"start":{"line":973,"column":8},"end":{"line":973,"column":104}},"328":{"start":{"line":974,"column":8},"end":{"line":974,"column":106}},"329":{"start":{"line":984,"column":8},"end":{"line":984,"column":51506}},"330":{"start":{"line":985,"column":12},"end":{"line":985,"column":60}},"331":{"start":{"line":986,"column":12},"end":{"line":986,"column":101}},"332":{"start":{"line":987,"column":12},"end":{"line":987,"column":60}},"333":{"start":{"line":988,"column":12},"end":{"line":988,"column":101}},"334":{"start":{"line":990,"column":8},"end":{"line":990,"column":19}},"335":{"start":{"line":1000,"column":8},"end":{"line":1000,"column":72}},"336":{"start":{"line":1001,"column":8},"end":{"line":1001,"column":70}},"337":{"start":{"line":1002,"column":8},"end":{"line":1002,"column":52420}},"338":{"start":{"line":1003,"column":12},"end":{"line":1003,"column":60}},"339":{"start":{"line":1004,"column":12},"end":{"line":1004,"column":102}},"340":{"start":{"line":1005,"column":12},"end":{"line":1005,"column":45}},"341":{"start":{"line":1016,"column":8},"end":{"line":1016,"column":72}},"342":{"start":{"line":1017,"column":8},"end":{"line":1017,"column":70}},"343":{"start":{"line":1018,"column":8},"end":{"line":1018,"column":53165}},"344":{"start":{"line":1019,"column":12},"end":{"line":1019,"column":60}},"345":{"start":{"line":1020,"column":12},"end":{"line":1020,"column":102}},"346":{"start":{"line":1021,"column":12},"end":{"line":1021,"column":45}},"347":{"start":{"line":1031,"column":8},"end":{"line":1031,"column":88}},"348":{"start":{"line":1035,"column":8},"end":{"line":1035,"column":27}},"349":{"start":{"line":1037,"column":8},"end":{"line":1037,"column":54065}},"350":{"start":{"line":1039,"column":12},"end":{"line":1039,"column":54216}},"351":{"start":{"line":1045,"column":24},"end":{"line":1045,"column":78}},"352":{"start":{"line":1046,"column":24},"end":{"line":1046,"column":89}},"353":{"start":{"line":1047,"column":24},"end":{"line":1047,"column":62}},"354":{"start":{"line":1052,"column":8},"end":{"line":1052,"column":54995}},"355":{"start":{"line":1053,"column":12},"end":{"line":1053,"column":107}},"356":{"start":{"line":1054,"column":12},"end":{"line":1054,"column":75}},"357":{"start":{"line":1064,"column":8},"end":{"line":1064,"column":88}},"358":{"start":{"line":1068,"column":8},"end":{"line":1068,"column":27}},"359":{"start":{"line":1070,"column":8},"end":{"line":1070,"column":55864}},"360":{"start":{"line":1072,"column":12},"end":{"line":1072,"column":56015}},"361":{"start":{"line":1078,"column":24},"end":{"line":1078,"column":78}},"362":{"start":{"line":1079,"column":24},"end":{"line":1079,"column":89}},"363":{"start":{"line":1080,"column":24},"end":{"line":1080,"column":62}},"364":{"start":{"line":1085,"column":8},"end":{"line":1085,"column":56794}},"365":{"start":{"line":1086,"column":12},"end":{"line":1086,"column":107}},"366":{"start":{"line":1087,"column":12},"end":{"line":1087,"column":75}},"367":{"start":{"line":1095,"column":8},"end":{"line":1095,"column":113}},"368":{"start":{"line":1096,"column":8},"end":{"line":1096,"column":52}},"369":{"start":{"line":1103,"column":8},"end":{"line":1103,"column":74}},"370":{"start":{"line":1104,"column":8},"end":{"line":1104,"column":25}},"371":{"start":{"line":1105,"column":8},"end":{"line":1105,"column":22}},"372":{"start":{"line":1106,"column":8},"end":{"line":1106,"column":27}},"373":{"start":{"line":1107,"column":8},"end":{"line":1107,"column":26}},"374":{"start":{"line":1108,"column":8},"end":{"line":1108,"column":23}},"375":{"start":{"line":1110,"column":8},"end":{"line":1110,"column":57761}},"376":{"start":{"line":1111,"column":12},"end":{"line":1111,"column":57821}},"377":{"start":{"line":1112,"column":16},"end":{"line":1112,"column":55}},"378":{"start":{"line":1113,"column":16},"end":{"line":1113,"column":60}},"379":{"start":{"line":1116,"column":16},"end":{"line":1116,"column":71}},"380":{"start":{"line":1117,"column":16},"end":{"line":1117,"column":73}},"381":{"start":{"line":1118,"column":16},"end":{"line":1118,"column":120}},"382":{"start":{"line":1120,"column":16},"end":{"line":1120,"column":80}},"383":{"start":{"line":1121,"column":16},"end":{"line":1121,"column":78}},"384":{"start":{"line":1123,"column":16},"end":{"line":1123,"column":69}},"385":{"start":{"line":1126,"column":12},"end":{"line":1126,"column":89}},"386":{"start":{"line":1137,"column":8},"end":{"line":1137,"column":81}}},"branchMap":{"1":{"line":78,"type":"if","locations":[{"start":{"line":78,"column":8},"end":{"line":78,"column":8}},{"start":{"line":78,"column":8},"end":{"line":78,"column":8}}]},"2":{"line":82,"type":"if","locations":[{"start":{"line":82,"column":12},"end":{"line":82,"column":12}},{"start":{"line":82,"column":12},"end":{"line":82,"column":12}}]},"3":{"line":88,"type":"if","locations":[{"start":{"line":88,"column":8},"end":{"line":88,"column":8}},{"start":{"line":88,"column":8},"end":{"line":88,"column":8}}]},"4":{"line":105,"type":"if","locations":[{"start":{"line":105,"column":8},"end":{"line":105,"column":8}},{"start":{"line":105,"column":8},"end":{"line":105,"column":8}}]},"5":{"line":109,"type":"if","locations":[{"start":{"line":109,"column":12},"end":{"line":109,"column":12}},{"start":{"line":109,"column":12},"end":{"line":109,"column":12}}]},"6":{"line":115,"type":"if","locations":[{"start":{"line":115,"column":8},"end":{"line":115,"column":8}},{"start":{"line":115,"column":8},"end":{"line":115,"column":8}}]},"7":{"line":130,"type":"if","locations":[{"start":{"line":130,"column":8},"end":{"line":130,"column":8}},{"start":{"line":130,"column":8},"end":{"line":130,"column":8}}]},"8":{"line":134,"type":"if","locations":[{"start":{"line":134,"column":12},"end":{"line":134,"column":12}},{"start":{"line":134,"column":12},"end":{"line":134,"column":12}}]},"9":{"line":137,"type":"if","locations":[{"start":{"line":137,"column":8},"end":{"line":137,"column":8}},{"start":{"line":137,"column":8},"end":{"line":137,"column":8}}]},"10":{"line":144,"type":"if","locations":[{"start":{"line":144,"column":12},"end":{"line":144,"column":12}},{"start":{"line":144,"column":12},"end":{"line":144,"column":12}}]},"11":{"line":156,"type":"if","locations":[{"start":{"line":156,"column":8},"end":{"line":156,"column":8}},{"start":{"line":156,"column":8},"end":{"line":156,"column":8}}]},"12":{"line":160,"type":"if","locations":[{"start":{"line":160,"column":12},"end":{"line":160,"column":12}},{"start":{"line":160,"column":12},"end":{"line":160,"column":12}}]},"13":{"line":163,"type":"if","locations":[{"start":{"line":163,"column":8},"end":{"line":163,"column":8}},{"start":{"line":163,"column":8},"end":{"line":163,"column":8}}]},"14":{"line":170,"type":"if","locations":[{"start":{"line":170,"column":12},"end":{"line":170,"column":12}},{"start":{"line":170,"column":12},"end":{"line":170,"column":12}}]},"15":{"line":185,"type":"if","locations":[{"start":{"line":185,"column":8},"end":{"line":185,"column":8}},{"start":{"line":185,"column":8},"end":{"line":185,"column":8}}]},"16":{"line":212,"type":"if","locations":[{"start":{"line":212,"column":8},"end":{"line":212,"column":8}},{"start":{"line":212,"column":8},"end":{"line":212,"column":8}}]},"17":{"line":254,"type":"if","locations":[{"start":{"line":254,"column":12},"end":{"line":254,"column":12}},{"start":{"line":254,"column":12},"end":{"line":254,"column":12}}]},"18":{"line":306,"type":"if","locations":[{"start":{"line":306,"column":12},"end":{"line":306,"column":12}},{"start":{"line":306,"column":12},"end":{"line":306,"column":12}}]},"19":{"line":330,"type":"if","locations":[{"start":{"line":330,"column":8},"end":{"line":330,"column":8}},{"start":{"line":330,"column":8},"end":{"line":330,"column":8}}]},"20":{"line":381,"type":"if","locations":[{"start":{"line":381,"column":8},"end":{"line":381,"column":8}},{"start":{"line":381,"column":8},"end":{"line":381,"column":8}}]},"21":{"line":415,"type":"if","locations":[{"start":{"line":415,"column":12},"end":{"line":415,"column":12}},{"start":{"line":415,"column":12},"end":{"line":415,"column":12}}]},"22":{"line":431,"type":"if","locations":[{"start":{"line":431,"column":8},"end":{"line":431,"column":8}},{"start":{"line":431,"column":8},"end":{"line":431,"column":8}}]},"23":{"line":439,"type":"if","locations":[{"start":{"line":439,"column":12},"end":{"line":439,"column":12}},{"start":{"line":439,"column":12},"end":{"line":439,"column":12}}]},"24":{"line":463,"type":"if","locations":[{"start":{"line":463,"column":12},"end":{"line":463,"column":12}},{"start":{"line":463,"column":12},"end":{"line":463,"column":12}}]},"25":{"line":481,"type":"if","locations":[{"start":{"line":481,"column":8},"end":{"line":481,"column":8}},{"start":{"line":481,"column":8},"end":{"line":481,"column":8}}]},"26":{"line":506,"type":"if","locations":[{"start":{"line":506,"column":8},"end":{"line":506,"column":8}},{"start":{"line":506,"column":8},"end":{"line":506,"column":8}}]},"27":{"line":516,"type":"if","locations":[{"start":{"line":516,"column":12},"end":{"line":516,"column":12}},{"start":{"line":516,"column":12},"end":{"line":516,"column":12}}]},"28":{"line":532,"type":"if","locations":[{"start":{"line":532,"column":8},"end":{"line":532,"column":8}},{"start":{"line":532,"column":8},"end":{"line":532,"column":8}}]},"29":{"line":541,"type":"if","locations":[{"start":{"line":541,"column":8},"end":{"line":541,"column":8}},{"start":{"line":541,"column":8},"end":{"line":541,"column":8}}]},"30":{"line":567,"type":"if","locations":[{"start":{"line":567,"column":8},"end":{"line":567,"column":8}},{"start":{"line":567,"column":8},"end":{"line":567,"column":8}}]},"31":{"line":568,"type":"if","locations":[{"start":{"line":568,"column":8},"end":{"line":568,"column":8}},{"start":{"line":568,"column":8},"end":{"line":568,"column":8}}]},"32":{"line":573,"type":"if","locations":[{"start":{"line":573,"column":8},"end":{"line":573,"column":8}},{"start":{"line":573,"column":8},"end":{"line":573,"column":8}}]},"33":{"line":584,"type":"if","locations":[{"start":{"line":584,"column":8},"end":{"line":584,"column":8}},{"start":{"line":584,"column":8},"end":{"line":584,"column":8}}]},"34":{"line":613,"type":"if","locations":[{"start":{"line":613,"column":8},"end":{"line":613,"column":8}},{"start":{"line":613,"column":8},"end":{"line":613,"column":8}}]},"35":{"line":625,"type":"if","locations":[{"start":{"line":625,"column":8},"end":{"line":625,"column":8}},{"start":{"line":625,"column":8},"end":{"line":625,"column":8}}]},"36":{"line":634,"type":"if","locations":[{"start":{"line":634,"column":8},"end":{"line":634,"column":8}},{"start":{"line":634,"column":8},"end":{"line":634,"column":8}}]},"37":{"line":646,"type":"if","locations":[{"start":{"line":646,"column":8},"end":{"line":646,"column":8}},{"start":{"line":646,"column":8},"end":{"line":646,"column":8}}]},"38":{"line":655,"type":"if","locations":[{"start":{"line":655,"column":8},"end":{"line":655,"column":8}},{"start":{"line":655,"column":8},"end":{"line":655,"column":8}}]},"39":{"line":667,"type":"if","locations":[{"start":{"line":667,"column":8},"end":{"line":667,"column":8}},{"start":{"line":667,"column":8},"end":{"line":667,"column":8}}]},"40":{"line":676,"type":"if","locations":[{"start":{"line":676,"column":8},"end":{"line":676,"column":8}},{"start":{"line":676,"column":8},"end":{"line":676,"column":8}}]},"41":{"line":688,"type":"if","locations":[{"start":{"line":688,"column":8},"end":{"line":688,"column":8}},{"start":{"line":688,"column":8},"end":{"line":688,"column":8}}]},"42":{"line":697,"type":"if","locations":[{"start":{"line":697,"column":8},"end":{"line":697,"column":8}},{"start":{"line":697,"column":8},"end":{"line":697,"column":8}}]},"43":{"line":709,"type":"if","locations":[{"start":{"line":709,"column":8},"end":{"line":709,"column":8}},{"start":{"line":709,"column":8},"end":{"line":709,"column":8}}]},"44":{"line":718,"type":"if","locations":[{"start":{"line":718,"column":8},"end":{"line":718,"column":8}},{"start":{"line":718,"column":8},"end":{"line":718,"column":8}}]},"45":{"line":727,"type":"if","locations":[{"start":{"line":727,"column":8},"end":{"line":727,"column":8}},{"start":{"line":727,"column":8},"end":{"line":727,"column":8}}]},"46":{"line":751,"type":"if","locations":[{"start":{"line":751,"column":12},"end":{"line":751,"column":12}},{"start":{"line":751,"column":12},"end":{"line":751,"column":12}}]},"47":{"line":753,"type":"if","locations":[{"start":{"line":753,"column":12},"end":{"line":753,"column":12}},{"start":{"line":753,"column":12},"end":{"line":753,"column":12}}]},"48":{"line":769,"type":"if","locations":[{"start":{"line":769,"column":8},"end":{"line":769,"column":8}},{"start":{"line":769,"column":8},"end":{"line":769,"column":8}}]},"49":{"line":784,"type":"if","locations":[{"start":{"line":784,"column":8},"end":{"line":784,"column":8}},{"start":{"line":784,"column":8},"end":{"line":784,"column":8}}]},"50":{"line":796,"type":"if","locations":[{"start":{"line":796,"column":8},"end":{"line":796,"column":8}},{"start":{"line":796,"column":8},"end":{"line":796,"column":8}}]},"51":{"line":797,"type":"if","locations":[{"start":{"line":797,"column":8},"end":{"line":797,"column":8}},{"start":{"line":797,"column":8},"end":{"line":797,"column":8}}]},"52":{"line":798,"type":"if","locations":[{"start":{"line":798,"column":8},"end":{"line":798,"column":8}},{"start":{"line":798,"column":8},"end":{"line":798,"column":8}}]},"53":{"line":800,"type":"if","locations":[{"start":{"line":800,"column":8},"end":{"line":800,"column":8}},{"start":{"line":800,"column":8},"end":{"line":800,"column":8}}]},"54":{"line":819,"type":"if","locations":[{"start":{"line":819,"column":8},"end":{"line":819,"column":8}},{"start":{"line":819,"column":8},"end":{"line":819,"column":8}}]},"55":{"line":827,"type":"if","locations":[{"start":{"line":827,"column":12},"end":{"line":827,"column":12}},{"start":{"line":827,"column":12},"end":{"line":827,"column":12}}]},"56":{"line":829,"type":"if","locations":[{"start":{"line":829,"column":12},"end":{"line":829,"column":12}},{"start":{"line":829,"column":12},"end":{"line":829,"column":12}}]},"57":{"line":841,"type":"if","locations":[{"start":{"line":841,"column":12},"end":{"line":841,"column":12}},{"start":{"line":841,"column":12},"end":{"line":841,"column":12}}]},"58":{"line":860,"type":"if","locations":[{"start":{"line":860,"column":8},"end":{"line":860,"column":8}},{"start":{"line":860,"column":8},"end":{"line":860,"column":8}}]},"59":{"line":861,"type":"if","locations":[{"start":{"line":861,"column":8},"end":{"line":861,"column":8}},{"start":{"line":861,"column":8},"end":{"line":861,"column":8}}]},"60":{"line":862,"type":"if","locations":[{"start":{"line":862,"column":8},"end":{"line":862,"column":8}},{"start":{"line":862,"column":8},"end":{"line":862,"column":8}}]},"61":{"line":899,"type":"if","locations":[{"start":{"line":899,"column":8},"end":{"line":899,"column":8}},{"start":{"line":899,"column":8},"end":{"line":899,"column":8}}]},"62":{"line":901,"type":"if","locations":[{"start":{"line":901,"column":8},"end":{"line":901,"column":8}},{"start":{"line":901,"column":8},"end":{"line":901,"column":8}}]},"63":{"line":925,"type":"if","locations":[{"start":{"line":925,"column":8},"end":{"line":925,"column":8}},{"start":{"line":925,"column":8},"end":{"line":925,"column":8}}]},"64":{"line":944,"type":"if","locations":[{"start":{"line":944,"column":8},"end":{"line":944,"column":8}},{"start":{"line":944,"column":8},"end":{"line":944,"column":8}}]},"65":{"line":946,"type":"if","locations":[{"start":{"line":946,"column":8},"end":{"line":946,"column":8}},{"start":{"line":946,"column":8},"end":{"line":946,"column":8}}]},"66":{"line":970,"type":"if","locations":[{"start":{"line":970,"column":8},"end":{"line":970,"column":8}},{"start":{"line":970,"column":8},"end":{"line":970,"column":8}}]},"67":{"line":1002,"type":"if","locations":[{"start":{"line":1002,"column":8},"end":{"line":1002,"column":8}},{"start":{"line":1002,"column":8},"end":{"line":1002,"column":8}}]},"68":{"line":1018,"type":"if","locations":[{"start":{"line":1018,"column":8},"end":{"line":1018,"column":8}},{"start":{"line":1018,"column":8},"end":{"line":1018,"column":8}}]},"69":{"line":1037,"type":"if","locations":[{"start":{"line":1037,"column":8},"end":{"line":1037,"column":8}},{"start":{"line":1037,"column":8},"end":{"line":1037,"column":8}}]},"70":{"line":1052,"type":"if","locations":[{"start":{"line":1052,"column":8},"end":{"line":1052,"column":8}},{"start":{"line":1052,"column":8},"end":{"line":1052,"column":8}}]},"71":{"line":1070,"type":"if","locations":[{"start":{"line":1070,"column":8},"end":{"line":1070,"column":8}},{"start":{"line":1070,"column":8},"end":{"line":1070,"column":8}}]},"72":{"line":1085,"type":"if","locations":[{"start":{"line":1085,"column":8},"end":{"line":1085,"column":8}},{"start":{"line":1085,"column":8},"end":{"line":1085,"column":8}}]},"73":{"line":1095,"type":"if","locations":[{"start":{"line":1095,"column":8},"end":{"line":1095,"column":8}},{"start":{"line":1095,"column":8},"end":{"line":1095,"column":8}}]},"74":{"line":1111,"type":"if","locations":[{"start":{"line":1111,"column":12},"end":{"line":1111,"column":12}},{"start":{"line":1111,"column":12},"end":{"line":1111,"column":12}}]}}},"contracts/IncentivesControllerStorage.sol":{"l":{},"path":"/home/fabio/Jibrel/tranche-benqi-protocol/contracts/IncentivesControllerStorage.sol","s":{},"b":{},"f":{},"fnMap":{},"statementMap":{},"branchMap":{}},"contracts/interfaces/IAVAXGateway.sol":{"l":{},"path":"/home/fabio/Jibrel/tranche-benqi-protocol/contracts/interfaces/IAVAXGateway.sol","s":{},"b":{},"f":{},"fnMap":{},"statementMap":{},"branchMap":{}},"contracts/interfaces/IComptrollerLensInterface.sol":{"l":{},"path":"/home/fabio/Jibrel/tranche-benqi-protocol/contracts/interfaces/IComptrollerLensInterface.sol","s":{},"b":{},"f":{},"fnMap":{},"statementMap":{},"branchMap":{}},"contracts/interfaces/IIncentivesController.sol":{"l":{},"path":"/home/fabio/Jibrel/tranche-benqi-protocol/contracts/interfaces/IIncentivesController.sol","s":{},"b":{},"f":{},"fnMap":{},"statementMap":{},"branchMap":{}},"contracts/interfaces/IJAdminTools.sol":{"l":{},"path":"/home/fabio/Jibrel/tranche-benqi-protocol/contracts/interfaces/IJAdminTools.sol","s":{},"b":{},"f":{},"fnMap":{},"statementMap":{},"branchMap":{}},"contracts/interfaces/IJBenQi.sol":{"l":{},"path":"/home/fabio/Jibrel/tranche-benqi-protocol/contracts/interfaces/IJBenQi.sol","s":{},"b":{},"f":{},"fnMap":{},"statementMap":{},"branchMap":{}},"contracts/interfaces/IJBenQiHelper.sol":{"l":{},"path":"/home/fabio/Jibrel/tranche-benqi-protocol/contracts/interfaces/IJBenQiHelper.sol","s":{},"b":{},"f":{},"fnMap":{},"statementMap":{},"branchMap":{}},"contracts/interfaces/IJFeesCollector.sol":{"l":{},"path":"/home/fabio/Jibrel/tranche-benqi-protocol/contracts/interfaces/IJFeesCollector.sol","s":{},"b":{},"f":{},"fnMap":{},"statementMap":{},"branchMap":{}},"contracts/interfaces/IJTranchesDeployer.sol":{"l":{},"path":"/home/fabio/Jibrel/tranche-benqi-protocol/contracts/interfaces/IJTranchesDeployer.sol","s":{},"b":{},"f":{},"fnMap":{},"statementMap":{},"branchMap":{}},"contracts/interfaces/IJTrancheTokens.sol":{"l":{},"path":"/home/fabio/Jibrel/tranche-benqi-protocol/contracts/interfaces/IJTrancheTokens.sol","s":{},"b":{},"f":{},"fnMap":{},"statementMap":{},"branchMap":{}},"contracts/interfaces/IMarketHelper.sol":{"l":{},"path":"/home/fabio/Jibrel/tranche-benqi-protocol/contracts/interfaces/IMarketHelper.sol","s":{},"b":{},"f":{},"fnMap":{},"statementMap":{},"branchMap":{}},"contracts/interfaces/IPriceHelper.sol":{"l":{},"path":"/home/fabio/Jibrel/tranche-benqi-protocol/contracts/interfaces/IPriceHelper.sol","s":{},"b":{},"f":{},"fnMap":{},"statementMap":{},"branchMap":{}},"contracts/interfaces/IProtocol.sol":{"l":{},"path":"/home/fabio/Jibrel/tranche-benqi-protocol/contracts/interfaces/IProtocol.sol","s":{},"b":{},"f":{},"fnMap":{},"statementMap":{},"branchMap":{}},"contracts/interfaces/IQiAvax.sol":{"l":{},"path":"/home/fabio/Jibrel/tranche-benqi-protocol/contracts/interfaces/IQiAvax.sol","s":{},"b":{},"f":{},"fnMap":{},"statementMap":{},"branchMap":{}},"contracts/interfaces/IQiErc20.sol":{"l":{},"path":"/home/fabio/Jibrel/tranche-benqi-protocol/contracts/interfaces/IQiErc20.sol","s":{},"b":{},"f":{},"fnMap":{},"statementMap":{},"branchMap":{}},"contracts/JAdminTools.sol":{"l":{"21":1,"22":1,"23":1,"30":8,"31":8,"40":9,"41":9,"42":9,"50":0,"51":0,"52":0,"53":0,"62":66,"70":8,"71":8,"72":8,"80":0,"87":0,"95":0,"96":0},"path":"/home/fabio/Jibrel/tranche-benqi-protocol/contracts/JAdminTools.sol","s":{"1":1,"2":1,"3":1,"4":8,"5":9,"6":9,"7":9,"8":0,"9":0,"10":0,"11":0,"12":66,"13":8,"14":8,"15":8,"16":0,"17":0,"18":0,"19":0},"b":{"1":[8,0],"2":[0,0],"3":[8,0],"4":[8,0],"5":[0,0]},"f":{"1":1,"2":8,"3":9,"4":0,"5":66,"6":8,"7":0,"8":0,"9":0},"fnMap":{"1":{"name":"initialize","line":20,"loc":{"start":{"line":20,"column":4},"end":{"line":24,"column":4}}},"2":{"name":"onlyAdmins","line":29,"loc":{"start":{"line":29,"column":4},"end":{"line":32,"column":4}}},"3":{"name":"_addAdmin","line":39,"loc":{"start":{"line":39,"column":4},"end":{"line":43,"column":4}}},"4":{"name":"_removeAdmin","line":49,"loc":{"start":{"line":49,"column":4},"end":{"line":54,"column":4}}},"5":{"name":"isAdmin","line":61,"loc":{"start":{"line":61,"column":4},"end":{"line":63,"column":4}}},"6":{"name":"addAdmin","line":69,"loc":{"start":{"line":69,"column":4},"end":{"line":73,"column":4}}},"7":{"name":"removeAdmin","line":79,"loc":{"start":{"line":79,"column":4},"end":{"line":81,"column":4}}},"8":{"name":"renounceAdmin","line":86,"loc":{"start":{"line":86,"column":4},"end":{"line":88,"column":4}}},"9":{"name":"updateVersion","line":94,"loc":{"start":{"line":94,"column":4},"end":{"line":97,"column":4}}}},"statementMap":{"1":{"start":{"line":21,"column":8},"end":{"line":21,"column":42}},"2":{"start":{"line":22,"column":8},"end":{"line":22,"column":28}},"3":{"start":{"line":23,"column":8},"end":{"line":23,"column":26}},"4":{"start":{"line":30,"column":8},"end":{"line":30,"column":45}},"5":{"start":{"line":40,"column":8},"end":{"line":40,"column":41}},"6":{"start":{"line":41,"column":8},"end":{"line":41,"column":30}},"7":{"start":{"line":42,"column":8},"end":{"line":42,"column":32}},"8":{"start":{"line":50,"column":8},"end":{"line":50,"column":60}},"9":{"start":{"line":51,"column":8},"end":{"line":51,"column":41}},"10":{"start":{"line":52,"column":8},"end":{"line":52,"column":31}},"11":{"start":{"line":53,"column":8},"end":{"line":53,"column":34}},"12":{"start":{"line":62,"column":8},"end":{"line":62,"column":31}},"13":{"start":{"line":70,"column":8},"end":{"line":70,"column":61}},"14":{"start":{"line":71,"column":8},"end":{"line":71,"column":67}},"15":{"start":{"line":72,"column":8},"end":{"line":72,"column":25}},"16":{"start":{"line":80,"column":8},"end":{"line":80,"column":28}},"17":{"start":{"line":87,"column":8},"end":{"line":87,"column":31}},"18":{"start":{"line":95,"column":8},"end":{"line":95,"column":53}},"19":{"start":{"line":96,"column":8},"end":{"line":96,"column":29}}},"branchMap":{"1":{"line":30,"type":"if","locations":[{"start":{"line":30,"column":8},"end":{"line":30,"column":8}},{"start":{"line":30,"column":8},"end":{"line":30,"column":8}}]},"2":{"line":50,"type":"if","locations":[{"start":{"line":50,"column":8},"end":{"line":50,"column":8}},{"start":{"line":50,"column":8},"end":{"line":50,"column":8}}]},"3":{"line":70,"type":"if","locations":[{"start":{"line":70,"column":8},"end":{"line":70,"column":8}},{"start":{"line":70,"column":8},"end":{"line":70,"column":8}}]},"4":{"line":71,"type":"if","locations":[{"start":{"line":71,"column":8},"end":{"line":71,"column":8}},{"start":{"line":71,"column":8},"end":{"line":71,"column":8}}]},"5":{"line":95,"type":"if","locations":[{"start":{"line":95,"column":8},"end":{"line":95,"column":8}},{"start":{"line":95,"column":8},"end":{"line":95,"column":8}}]}}},"contracts/JAdminToolsStorage.sol":{"l":{},"path":"/home/fabio/Jibrel/tranche-benqi-protocol/contracts/JAdminToolsStorage.sol","s":{},"b":{},"f":{},"fnMap":{},"statementMap":{},"branchMap":{}},"contracts/JBenQi.sol":{"l":{"42":1,"43":1,"44":1,"45":1,"46":1,"47":1,"48":1,"49":1,"50":1,"57":48,"58":48,"73":0,"74":0,"75":0,"83":1,"91":1,"98":16,"106":1,"124":0,"126":0,"127":0,"128":0,"129":0,"130":0,"131":0,"139":1,"140":1,"149":2,"158":8,"167":0,"168":0,"178":0,"179":0,"180":0,"189":0,"190":0,"206":3,"207":3,"209":3,"210":3,"212":3,"214":3,"217":3,"218":3,"219":3,"220":3,"222":3,"225":3,"227":3,"229":3,"231":3,"240":3,"250":13,"251":13,"253":13,"255":13,"257":13,"258":13,"260":13,"261":13,"271":12,"272":12,"274":12,"276":12,"278":0,"281":12,"283":12,"292":12,"301":12,"310":33,"311":33,"312":33,"313":33,"314":33,"315":33,"317":33,"327":43,"329":43,"338":115,"339":115,"340":115,"341":115,"342":115,"351":32,"352":32,"353":32,"354":28,"356":4,"365":94,"366":94,"367":94,"368":94,"369":94,"370":94,"371":0,"373":94,"375":94,"376":94,"393":33,"395":33,"397":33,"398":33,"399":33,"400":0,"401":33,"403":33,"404":33,"405":33,"408":0,"410":33,"411":0,"413":33,"415":31,"418":2,"420":33,"432":22,"433":22,"434":22,"435":22,"444":10,"445":10,"446":10,"447":13,"448":13,"449":2,"450":0,"451":0,"453":2,"454":2,"457":13,"458":2,"463":63,"467":90,"479":14,"480":14,"481":14,"482":14,"491":6,"492":6,"493":6,"494":7,"495":7,"496":0,"497":0,"498":0,"503":0,"504":0,"507":7,"508":0,"513":54,"517":89,"526":10,"527":10,"528":10,"529":10,"530":10,"531":2,"533":2,"535":2,"538":8,"540":8,"542":8,"545":10,"547":10,"548":10,"549":10,"551":10,"552":10,"553":10,"555":10,"556":10,"558":0,"561":10,"562":10,"563":10,"564":10,"566":10,"567":10,"576":10,"579":10,"581":10,"583":10,"584":10,"585":10,"586":10,"587":10,"589":10,"590":10,"591":10,"593":10,"594":10,"595":10,"596":10,"597":10,"598":2,"600":2,"601":2,"602":2,"603":2,"604":2,"605":2,"606":2,"608":2,"612":8,"613":8,"614":8,"616":0,"618":8,"619":8,"620":8,"621":8,"622":8,"624":8,"629":10,"632":10,"633":10,"635":10,"637":10,"638":10,"647":7,"648":7,"649":7,"650":7,"652":7,"653":2,"657":7,"660":7,"661":7,"662":7,"663":7,"664":2,"666":2,"669":5,"671":5,"673":5,"676":7,"677":7,"679":7,"680":7,"682":0,"684":7,"685":7,"686":7,"687":7,"689":7,"690":7,"699":6,"702":6,"704":6,"706":6,"707":6,"708":6,"709":6,"711":6,"714":6,"715":6,"716":6,"718":6,"719":6,"720":6,"721":6,"722":6,"723":2,"725":2,"726":2,"727":2,"728":2,"729":2,"730":2,"731":2,"733":2,"737":4,"738":4,"739":4,"741":0,"743":4,"744":4,"745":4,"746":4,"747":4,"749":4,"754":6,"757":6,"758":6,"760":6,"762":6,"763":6,"772":0,"773":0,"774":0,"775":0,"776":0,"777":0,"778":0,"779":0,"780":0,"783":0,"784":0,"788":0,"789":0,"798":214,"805":8,"814":0,"822":0,"830":0,"838":0,"839":0,"840":0,"841":0,"842":0},"path":"/home/fabio/Jibrel/tranche-benqi-protocol/contracts/JBenQi.sol","s":{"1":1,"2":1,"3":1,"4":1,"5":1,"6":1,"7":1,"8":1,"9":1,"10":48,"11":0,"12":0,"13":0,"14":1,"15":1,"16":16,"17":1,"18":0,"19":0,"20":0,"21":0,"22":0,"23":0,"24":0,"25":1,"26":1,"27":2,"28":8,"29":0,"30":0,"31":0,"32":0,"33":0,"34":0,"35":0,"36":3,"37":3,"38":3,"39":3,"40":3,"41":3,"42":3,"43":3,"44":3,"45":3,"46":3,"47":3,"48":3,"49":3,"50":3,"51":3,"52":13,"53":13,"54":13,"55":13,"56":13,"57":13,"58":13,"59":13,"60":12,"61":12,"62":12,"63":12,"64":0,"65":12,"66":12,"67":12,"68":12,"69":33,"70":33,"71":33,"72":33,"73":33,"74":33,"75":33,"76":43,"77":43,"78":115,"79":115,"80":115,"81":115,"82":115,"83":32,"84":32,"85":32,"86":28,"87":4,"88":94,"89":94,"90":94,"91":94,"92":94,"93":94,"94":0,"95":94,"96":94,"97":94,"98":33,"99":33,"100":33,"101":33,"102":33,"103":0,"104":33,"105":33,"106":33,"107":33,"108":33,"109":0,"110":33,"111":0,"112":33,"113":31,"114":2,"115":33,"116":22,"117":22,"118":22,"119":22,"120":10,"121":10,"122":10,"123":13,"124":13,"125":2,"126":0,"127":0,"128":2,"129":2,"130":13,"131":63,"132":90,"133":14,"134":14,"135":14,"136":14,"137":6,"138":6,"139":6,"140":7,"141":7,"142":0,"143":0,"144":0,"145":0,"146":0,"147":7,"148":54,"149":89,"150":10,"151":10,"152":10,"153":10,"154":10,"155":2,"156":2,"157":2,"158":8,"159":8,"160":8,"161":10,"162":10,"163":10,"164":10,"165":10,"166":10,"167":10,"168":10,"169":10,"170":0,"171":10,"172":10,"173":10,"174":10,"175":10,"176":10,"177":10,"178":10,"179":10,"180":10,"181":10,"182":10,"183":10,"184":10,"185":10,"186":10,"187":10,"188":10,"189":10,"190":10,"191":10,"192":10,"193":2,"194":2,"195":2,"196":2,"197":2,"198":2,"199":2,"200":2,"201":2,"202":8,"203":8,"204":8,"205":0,"206":8,"207":8,"208":8,"209":8,"210":8,"211":8,"212":10,"213":10,"214":10,"215":10,"216":10,"217":10,"218":7,"219":7,"220":7,"221":7,"222":7,"223":2,"224":7,"225":7,"226":7,"227":7,"228":7,"229":2,"230":2,"231":5,"232":5,"233":5,"234":7,"235":7,"236":7,"237":7,"238":0,"239":7,"240":7,"241":7,"242":7,"243":7,"244":7,"245":6,"246":6,"247":6,"248":6,"249":6,"250":6,"251":6,"252":6,"253":6,"254":6,"255":6,"256":6,"257":6,"258":6,"259":6,"260":6,"261":2,"262":2,"263":2,"264":2,"265":2,"266":2,"267":2,"268":2,"269":2,"270":4,"271":4,"272":4,"273":0,"274":4,"275":4,"276":4,"277":4,"278":4,"279":4,"280":6,"281":6,"282":6,"283":6,"284":6,"285":6,"286":0,"287":0,"288":0,"289":0,"290":0,"291":0,"292":0,"293":0,"294":0,"295":0,"296":0,"297":0,"298":0,"299":214,"300":8,"301":0,"302":0,"303":0,"304":0,"305":0,"306":0,"307":0,"308":0},"b":{"1":[48,0],"2":[0,0],"3":[0,0],"4":[3,0],"5":[3,0],"6":[13,0],"7":[13,0],"8":[12,0],"9":[0,12],"10":[33,0],"11":[28,4],"12":[0,94],"13":[0,33],"14":[33,0],"15":[0,33],"16":[31,2],"17":[2,11],"18":[0,2],"19":[2,11],"20":[0,7],"21":[0,0],"22":[0,7],"23":[10,0],"24":[2,8],"25":[2,0],"26":[8,0],"27":[10,0],"28":[10,0],"29":[10,0],"30":[2,8],"31":[2,0],"32":[0,8],"33":[8,0],"34":[10,0],"35":[7,0],"36":[2,5],"37":[2,0],"38":[2,5],"39":[5,0],"40":[7,0],"41":[6,0],"42":[6,0],"43":[2,4],"44":[2,0],"45":[0,4],"46":[4,0],"47":[6,0],"48":[0,0],"49":[0,0],"50":[0,0]},"f":{"1":1,"2":48,"3":0,"4":0,"5":1,"6":1,"7":16,"8":1,"9":0,"10":1,"11":2,"12":8,"13":0,"14":0,"15":0,"16":3,"17":3,"18":13,"19":12,"20":12,"21":12,"22":33,"23":43,"24":115,"25":32,"26":94,"27":33,"28":22,"29":10,"30":63,"31":90,"32":14,"33":6,"34":54,"35":89,"36":10,"37":10,"38":7,"39":6,"40":0,"41":214,"42":8,"43":0,"44":0,"45":0,"46":0},"fnMap":{"1":{"name":"initialize","line":41,"loc":{"start":{"line":36,"column":4},"end":{"line":51,"column":4}}},"2":{"name":"onlyAdmins","line":56,"loc":{"start":{"line":56,"column":4},"end":{"line":59,"column":4}}},"3":{"name":null,"line":62,"loc":{"start":{"line":62,"column":4},"end":{"line":62,"column":33}}},"4":{"name":"setConstantsValues","line":72,"loc":{"start":{"line":72,"column":4},"end":{"line":76,"column":4}}},"5":{"name":"setAVAXGateway","line":82,"loc":{"start":{"line":82,"column":4},"end":{"line":84,"column":4}}},"6":{"name":"setIncentivesControllerAddress","line":90,"loc":{"start":{"line":90,"column":4},"end":{"line":92,"column":4}}},"7":{"name":"getIncentivesControllerAddress","line":97,"loc":{"start":{"line":97,"column":4},"end":{"line":99,"column":4}}},"8":{"name":"setBenQiHelperAddress","line":105,"loc":{"start":{"line":105,"column":4},"end":{"line":107,"column":4}}},"9":{"name":"setNewEnvironment","line":123,"loc":{"start":{"line":118,"column":4},"end":{"line":132,"column":4}}},"10":{"name":"setQiAvaxContract","line":138,"loc":{"start":{"line":138,"column":4},"end":{"line":141,"column":4}}},"11":{"name":"setQiTokenContract","line":148,"loc":{"start":{"line":148,"column":4},"end":{"line":150,"column":4}}},"12":{"name":"isQiTokenAllowed","line":157,"loc":{"start":{"line":157,"column":4},"end":{"line":159,"column":4}}},"13":{"name":"getCompoundSupplyRPB","line":166,"loc":{"start":{"line":166,"column":4},"end":{"line":169,"column":4}}},"14":{"name":"setDecimals","line":177,"loc":{"start":{"line":177,"column":4},"end":{"line":181,"column":4}}},"15":{"name":"setTrancheAFixedPercentage","line":188,"loc":{"start":{"line":188,"column":4},"end":{"line":191,"column":4}}},"16":{"name":"addTrancheToProtocol","line":205,"loc":{"start":{"line":204,"column":4},"end":{"line":232,"column":4}}},"17":{"name":"setTrancheDeposit","line":239,"loc":{"start":{"line":239,"column":4},"end":{"line":241,"column":4}}},"18":{"name":"sendErc20ToCompound","line":249,"loc":{"start":{"line":249,"column":4},"end":{"line":262,"column":4}}},"19":{"name":"redeemQiErc20Tokens","line":270,"loc":{"start":{"line":270,"column":4},"end":{"line":284,"column":4}}},"20":{"name":"getTrancheAExchangeRate","line":291,"loc":{"start":{"line":291,"column":4},"end":{"line":293,"column":4}}},"21":{"name":"getTrancheACurrentRPB","line":300,"loc":{"start":{"line":300,"column":4},"end":{"line":302,"column":4}}},"22":{"name":"setTrancheAExchangeRate","line":309,"loc":{"start":{"line":309,"column":4},"end":{"line":318,"column":4}}},"23":{"name":"calcRPBFromPercentage","line":325,"loc":{"start":{"line":325,"column":4},"end":{"line":330,"column":4}}},"24":{"name":"getTrAValue","line":337,"loc":{"start":{"line":337,"column":4},"end":{"line":343,"column":4}}},"25":{"name":"getTrBValue","line":350,"loc":{"start":{"line":350,"column":4},"end":{"line":357,"column":4}}},"26":{"name":"getTotalValue","line":364,"loc":{"start":{"line":364,"column":4},"end":{"line":377,"column":4}}},"27":{"name":"getTrancheBExchangeRate","line":385,"loc":{"start":{"line":385,"column":4},"end":{"line":421,"column":4}}},"28":{"name":"setTrAStakingDetails","line":431,"loc":{"start":{"line":431,"column":4},"end":{"line":436,"column":4}}},"29":{"name":"decreaseTrancheATokenFromStake","line":443,"loc":{"start":{"line":443,"column":4},"end":{"line":460,"column":4}}},"30":{"name":"getSingleTrancheUserStakeCounterTrA","line":462,"loc":{"start":{"line":462,"column":4},"end":{"line":464,"column":4}}},"31":{"name":"getSingleTrancheUserSingleStakeDetailsTrA","line":466,"loc":{"start":{"line":466,"column":4},"end":{"line":468,"column":4}}},"32":{"name":"setTrBStakingDetails","line":478,"loc":{"start":{"line":478,"column":4},"end":{"line":483,"column":4}}},"33":{"name":"decreaseTrancheBTokenFromStake","line":490,"loc":{"start":{"line":490,"column":4},"end":{"line":510,"column":4}}},"34":{"name":"getSingleTrancheUserStakeCounterTrB","line":512,"loc":{"start":{"line":512,"column":4},"end":{"line":514,"column":4}}},"35":{"name":"getSingleTrancheUserSingleStakeDetailsTrB","line":516,"loc":{"start":{"line":516,"column":4},"end":{"line":518,"column":4}}},"36":{"name":"buyTrancheAToken","line":525,"loc":{"start":{"line":525,"column":4},"end":{"line":568,"column":4}}},"37":{"name":"redeemTrancheAToken","line":575,"loc":{"start":{"line":575,"column":4},"end":{"line":639,"column":4}}},"38":{"name":"buyTrancheBToken","line":646,"loc":{"start":{"line":646,"column":4},"end":{"line":691,"column":4}}},"39":{"name":"redeemTrancheBToken","line":698,"loc":{"start":{"line":698,"column":4},"end":{"line":764,"column":4}}},"40":{"name":"redeemQiTokenAmount","line":771,"loc":{"start":{"line":771,"column":4},"end":{"line":791,"column":4}}},"41":{"name":"getTokenBalance","line":797,"loc":{"start":{"line":797,"column":4},"end":{"line":799,"column":4}}},"42":{"name":"getEthBalance","line":804,"loc":{"start":{"line":804,"column":4},"end":{"line":806,"column":4}}},"43":{"name":"transferTokenToFeesCollector","line":813,"loc":{"start":{"line":813,"column":4},"end":{"line":815,"column":4}}},"44":{"name":"withdrawAVAXToFeesCollector","line":821,"loc":{"start":{"line":821,"column":4},"end":{"line":823,"column":4}}},"45":{"name":"getTotalQiAccrued","line":829,"loc":{"start":{"line":829,"column":4},"end":{"line":831,"column":4}}},"46":{"name":"claimTotalQiAccruedToReceiver","line":837,"loc":{"start":{"line":837,"column":4},"end":{"line":844,"column":4}}}},"statementMap":{"1":{"start":{"line":42,"column":8},"end":{"line":42,"column":42}},"2":{"start":{"line":43,"column":8},"end":{"line":43,"column":38}},"3":{"start":{"line":44,"column":8},"end":{"line":44,"column":44}},"4":{"start":{"line":45,"column":8},"end":{"line":45,"column":46}},"5":{"start":{"line":46,"column":8},"end":{"line":46,"column":39}},"6":{"start":{"line":47,"column":8},"end":{"line":47,"column":41}},"7":{"start":{"line":48,"column":8},"end":{"line":48,"column":35}},"8":{"start":{"line":49,"column":8},"end":{"line":49,"column":24}},"9":{"start":{"line":50,"column":8},"end":{"line":50,"column":35}},"10":{"start":{"line":57,"column":8},"end":{"line":57,"column":77}},"11":{"start":{"line":73,"column":8},"end":{"line":73,"column":66}},"12":{"start":{"line":74,"column":8},"end":{"line":74,"column":36}},"13":{"start":{"line":75,"column":8},"end":{"line":75,"column":42}},"14":{"start":{"line":83,"column":8},"end":{"line":83,"column":47}},"15":{"start":{"line":91,"column":8},"end":{"line":91,"column":58}},"16":{"start":{"line":98,"column":8},"end":{"line":98,"column":42}},"17":{"start":{"line":106,"column":8},"end":{"line":106,"column":36}},"18":{"start":{"line":124,"column":8},"end":{"line":124,"column":4722}},"19":{"start":{"line":126,"column":8},"end":{"line":126,"column":38}},"20":{"start":{"line":127,"column":8},"end":{"line":127,"column":44}},"21":{"start":{"line":128,"column":8},"end":{"line":128,"column":46}},"22":{"start":{"line":129,"column":8},"end":{"line":129,"column":39}},"23":{"start":{"line":130,"column":8},"end":{"line":130,"column":41}},"24":{"start":{"line":131,"column":8},"end":{"line":131,"column":35}},"25":{"start":{"line":139,"column":8},"end":{"line":139,"column":45}},"26":{"start":{"line":140,"column":8},"end":{"line":140,"column":53}},"27":{"start":{"line":149,"column":8},"end":{"line":149,"column":58}},"28":{"start":{"line":158,"column":8},"end":{"line":158,"column":61}},"29":{"start":{"line":167,"column":8},"end":{"line":167,"column":101}},"30":{"start":{"line":168,"column":8},"end":{"line":168,"column":43}},"31":{"start":{"line":178,"c
[...]
:{"line":62,"column":72}},"15":{"start":{"line":63,"column":8},"end":{"line":63,"column":25}},"16":{"start":{"line":67,"column":8},"end":{"line":67,"column":53}},"17":{"start":{"line":68,"column":8},"end":{"line":68,"column":63}},"18":{"start":{"line":70,"column":8},"end":{"line":70,"column":58}},"19":{"start":{"line":71,"column":8},"end":{"line":71,"column":21}},"20":{"start":{"line":76,"column":8},"end":{"line":76,"column":49}},"21":{"start":{"line":77,"column":8},"end":{"line":77,"column":52}},"22":{"start":{"line":78,"column":8},"end":{"line":78,"column":42}},"23":{"start":{"line":80,"column":8},"end":{"line":80,"column":54}},"24":{"start":{"line":82,"column":8},"end":{"line":82,"column":24}},"25":{"start":{"line":87,"column":8},"end":{"line":87,"column":49}},"26":{"start":{"line":88,"column":8},"end":{"line":88,"column":52}},"27":{"start":{"line":89,"column":8},"end":{"line":89,"column":53}},"28":{"start":{"line":90,"column":8},"end":{"line":90,"column":42}},"29":{"start":{"line":91,"column":8},"end":{"line":91,"column":50}},"30":{"start":{"line":92,"column":8},"end":{"line":92,"column":63}},"31":{"start":{"line":94,"column":8},"end":{"line":94,"column":78}},"32":{"start":{"line":95,"column":8},"end":{"line":95,"column":68}},"33":{"start":{"line":97,"column":8},"end":{"line":97,"column":118}},"34":{"start":{"line":98,"column":8},"end":{"line":98,"column":25}},"35":{"start":{"line":103,"column":8},"end":{"line":103,"column":56}},"36":{"start":{"line":104,"column":8},"end":{"line":104,"column":57}},"37":{"start":{"line":105,"column":8},"end":{"line":105,"column":54}},"38":{"start":{"line":106,"column":8},"end":{"line":106,"column":62}},"39":{"start":{"line":107,"column":8},"end":{"line":107,"column":33}},"40":{"start":{"line":113,"column":8},"end":{"line":113,"column":56}},"41":{"start":{"line":114,"column":8},"end":{"line":114,"column":57}},"42":{"start":{"line":115,"column":8},"end":{"line":115,"column":54}},"43":{"start":{"line":116,"column":8},"end":{"line":116,"column":70}},"44":{"start":{"line":117,"column":8},"end":{"line":117,"column":75}},"45":{"start":{"line":118,"column":8},"end":{"line":118,"column":5021}},"46":{"start":{"line":119,"column":12},"end":{"line":119,"column":35}},"47":{"start":{"line":120,"column":13},"end":{"line":120,"column":5103}},"48":{"start":{"line":121,"column":12},"end":{"line":121,"column":38}},"49":{"start":{"line":122,"column":8},"end":{"line":122,"column":35}}},"branchMap":{"1":{"line":118,"type":"if","locations":[{"start":{"line":118,"column":8},"end":{"line":118,"column":8}},{"start":{"line":118,"column":8},"end":{"line":118,"column":8}}]},"2":{"line":120,"type":"if","locations":[{"start":{"line":120,"column":13},"end":{"line":120,"column":13}},{"start":{"line":120,"column":13},"end":{"line":120,"column":13}}]}}},"contracts/mocks/mySLICE.sol":{"l":{"13":1,"14":1,"15":1},"path":"/home/fabio/Jibrel/tranche-benqi-protocol/contracts/mocks/mySLICE.sol","s":{"1":1,"2":1,"3":1},"b":{},"f":{"1":1},"fnMap":{"1":{"name":"initialize","line":12,"loc":{"start":{"line":12,"column":4},"end":{"line":16,"column":4}}}},"statementMap":{"1":{"start":{"line":13,"column":8},"end":{"line":13,"column":42}},"2":{"start":{"line":14,"column":8},"end":{"line":14,"column":62}},"3":{"start":{"line":15,"column":8},"end":{"line":15,"column":56}}},"branchMap":{}},"contracts/mocks/Protocol.sol":{"l":{"49":0,"59":0,"60":0,"61":0,"62":0,"63":0,"64":0,"65":0,"66":0,"67":0,"71":0,"75":0,"79":0,"83":0,"87":0,"90":0,"93":0,"97":0,"98":0,"99":0,"100":0,"104":0,"105":0,"106":0,"107":0,"111":0,"115":0,"119":0,"123":0,"127":0,"130":0,"133":0,"137":0,"141":0,"145":0,"149":0,"153":0,"157":0},"path":"/home/fabio/Jibrel/tranche-benqi-protocol/contracts/mocks/Protocol.sol","s":{"1":0,"2":0,"3":0,"4":0,"5":0,"6":0,"7":0,"8":0,"9":0,"10":0,"11":0,"12":0,"13":0,"14":0,"15":0,"16":0,"17":0,"18":0,"19":0,"20":0,"21":0,"22":0,"23":0,"24":0,"25":0,"26":0,"27":0,"28":0,"29":0,"30":0,"31":0,"32":0,"33":0,"34":0,"35":0,"36":0,"37":0,"38":0},"b":{},"f":{"1":0,"2":0,"3":0,"4":0,"5":0,"6":0,"7":0,"8":0,"9":0,"10":0,"11":0,"12":0,"13":0,"14":0,"15":0,"16":0,"17":0,"18":0,"19":0,"20":0,"21":0,"22":0,"23":0,"24":0},"fnMap":{"1":{"name":"initialize","line":48,"loc":{"start":{"line":48,"column":4},"end":{"line":50,"column":4}}},"2":{"name":"createTranche","line":52,"loc":{"start":{"line":52,"column":4},"end":{"line":68,"column":4}}},"3":{"name":"setTrA","line":70,"loc":{"start":{"line":70,"column":4},"end":{"line":72,"column":4}}},"4":{"name":"setTrB","line":74,"loc":{"start":{"line":74,"column":4},"end":{"line":76,"column":4}}},"5":{"name":"getTrA","line":78,"loc":{"start":{"line":78,"column":4},"end":{"line":80,"column":4}}},"6":{"name":"getTrB","line":82,"loc":{"start":{"line":82,"column":4},"end":{"line":84,"column":4}}},"7":{"name":"setTrAValue","line":86,"loc":{"start":{"line":86,"column":4},"end":{"line":88,"column":4}}},"8":{"name":"setTrBValue","line":89,"loc":{"start":{"line":89,"column":4},"end":{"line":91,"column":4}}},"9":{"name":"setTotalValue","line":92,"loc":{"start":{"line":92,"column":4},"end":{"line":94,"column":4}}},"10":{"name":"setTrAStakingDetails","line":96,"loc":{"start":{"line":96,"column":4},"end":{"line":101,"column":4}}},"11":{"name":"setTrBStakingDetails","line":103,"loc":{"start":{"line":103,"column":4},"end":{"line":108,"column":4}}},"12":{"name":"getSingleTrancheUserStakeCounterTrA","line":110,"loc":{"start":{"line":110,"column":4},"end":{"line":112,"column":4}}},"13":{"name":"getSingleTrancheUserStakeCounterTrB","line":114,"loc":{"start":{"line":114,"column":4},"end":{"line":116,"column":4}}},"14":{"name":"getSingleTrancheUserSingleStakeDetailsTrA","line":118,"loc":{"start":{"line":118,"column":4},"end":{"line":120,"column":4}}},"15":{"name":"getSingleTrancheUserSingleStakeDetailsTrB","line":122,"loc":{"start":{"line":122,"column":4},"end":{"line":124,"column":4}}},"16":{"name":"getTrAValue","line":126,"loc":{"start":{"line":126,"column":4},"end":{"line":128,"column":4}}},"17":{"name":"getTrBValue","line":129,"loc":{"start":{"line":129,"column":4},"end":{"line":131,"column":4}}},"18":{"name":"getTotalValue","line":132,"loc":{"start":{"line":132,"column":4},"end":{"line":134,"column":4}}},"19":{"name":"setTrancheACurrentRPB","line":136,"loc":{"start":{"line":136,"column":4},"end":{"line":138,"column":4}}},"20":{"name":"getTrancheACurrentRPB","line":140,"loc":{"start":{"line":140,"column":4},"end":{"line":142,"column":4}}},"21":{"name":"setTrancheAExchangeRate","line":144,"loc":{"start":{"line":144,"column":4},"end":{"line":146,"column":4}}},"22":{"name":"getTrancheAExchangeRate","line":148,"loc":{"start":{"line":148,"column":4},"end":{"line":150,"column":4}}},"23":{"name":"setTrancheBExchangeRate","line":152,"loc":{"start":{"line":152,"column":4},"end":{"line":154,"column":4}}},"24":{"name":"getTrancheBExchangeRate","line":156,"loc":{"start":{"line":156,"column":4},"end":{"line":158,"column":4}}}},"statementMap":{"1":{"start":{"line":49,"column":8},"end":{"line":49,"column":35}},"2":{"start":{"line":59,"column":8},"end":{"line":59,"column":57}},"3":{"start":{"line":60,"column":8},"end":{"line":60,"column":57}},"4":{"start":{"line":61,"column":8},"end":{"line":61,"column":50}},"5":{"start":{"line":62,"column":8},"end":{"line":62,"column":50}},"6":{"start":{"line":63,"column":8},"end":{"line":63,"column":64}},"7":{"start":{"line":64,"column":8},"end":{"line":64,"column":60}},"8":{"start":{"line":65,"column":8},"end":{"line":65,"column":63}},"9":{"start":{"line":66,"column":8},"end":{"line":66,"column":63}},"10":{"start":{"line":67,"column":8},"end":{"line":67,"column":32}},"11":{"start":{"line":71,"column":8},"end":{"line":71,"column":59}},"12":{"start":{"line":75,"column":8},"end":{"line":75,"column":59}},"13":{"start":{"line":79,"column":8},"end":{"line":79,"column":60}},"14":{"start":{"line":83,"column":8},"end":{"line":83,"column":60}},"15":{"start":{"line":87,"column":8},"end":{"line":87,"column":52}},"16":{"start":{"line":90,"column":8},"end":{"line":90,"column":52}},"17":{"start":{"line":93,"column":8},"end":{"line":93,"column":122}},"18":{"start":{"line":97,"column":8},"end":{"line":97,"column":53}},"19":{"start":{"line":98,"column":8},"end":{"line":98,"column":93}},"20":{"start":{"line":99,"column":8},"end":{"line":99,"column":36}},"21":{"start":{"line":100,"column":8},"end":{"line":100,"column":31}},"22":{"start":{"line":104,"column":8},"end":{"line":104,"column":53}},"23":{"start":{"line":105,"column":8},"end":{"line":105,"column":93}},"24":{"start":{"line":106,"column":8},"end":{"line":106,"column":36}},"25":{"start":{"line":107,"column":8},"end":{"line":107,"column":31}},"26":{"start":{"line":111,"column":8},"end":{"line":111,"column":50}},"27":{"start":{"line":115,"column":8},"end":{"line":115,"column":50}},"28":{"start":{"line":119,"column":8},"end":{"line":119,"column":132}},"29":{"start":{"line":123,"column":8},"end":{"line":123,"column":132}},"30":{"start":{"line":127,"column":8},"end":{"line":127,"column":50}},"31":{"start":{"line":130,"column":8},"end":{"line":130,"column":50}},"32":{"start":{"line":133,"column":8},"end":{"line":133,"column":54}},"33":{"start":{"line":137,"column":8},"end":{"line":137,"column":62}},"34":{"start":{"line":141,"column":8},"end":{"line":141,"column":60}},"35":{"start":{"line":145,"column":8},"end":{"line":145,"column":70}},"36":{"start":{"line":149,"column":8},"end":{"line":149,"column":61}},"37":{"start":{"line":153,"column":8},"end":{"line":153,"column":70}},"38":{"start":{"line":157,"column":8},"end":{"line":157,"column":61}}},"branchMap":{}},"contracts/PriceHelper.sol":{"l":{"18":1,"22":1,"26":2,"27":2,"37":2,"38":2,"39":2,"49":0,"50":0,"51":0,"52":0,"61":2,"70":0,"79":0,"84":0,"85":0,"87":0,"88":0,"89":0,"92":0,"93":0,"96":0,"108":0,"111":0},"path":"/home/fabio/Jibrel/tranche-benqi-protocol/contracts/PriceHelper.sol","s":{"1":1,"2":1,"3":2,"4":2,"5":2,"6":2,"7":0,"8":0,"9":0,"10":0,"11":2,"12":0,"13":0,"14":0,"15":0,"16":0,"17":0,"18":0,"19":0,"20":0,"21":0,"22":0,"23":0},"b":{"1":[2,0],"2":[0,0],"3":[0,0],"4":[0,0]},"f":{"1":1,"2":1,"3":2,"4":2,"5":0,"6":2,"7":0,"8":0,"9":0},"fnMap":{"1":{"name":"initialize","line":17,"loc":{"start":{"line":17,"column":4},"end":{"line":19,"column":4}}},"2":{"name":"setControllerAddress","line":21,"loc":{"start":{"line":21,"column":4},"end":{"line":23,"column":4}}},"3":{"name":"onlyController","line":25,"loc":{"start":{"line":25,"column":4},"end":{"line":28,"column":4}}},"4":{"name":"setExternalProviderParameters","line":36,"loc":{"start":{"line":36,"column":4},"end":{"line":41,"column":4}}},"5":{"name":"getLatestChainlinkPairInfo","line":48,"loc":{"start":{"line":48,"column":4},"end":{"line":53,"column":4}}},"6":{"name":"getChainlinkDecimals","line":60,"loc":{"start":{"line":60,"column":4},"end":{"line":62,"column":4}}},"7":{"name":"getChainlinkDescription","line":69,"loc":{"start":{"line":69,"column":4},"end":{"line":71,"column":4}}},"8":{"name":"getNormalizedChainlinkPrice","line":78,"loc":{"start":{"line":78,"column":4},"end":{"line":97,"column":4}}},"9":{"name":"reciprocal","line":107,"loc":{"start":{"line":107,"column":4},"end":{"line":112,"column":4}}}},"statementMap":{"1":{"start":{"line":18,"column":8},"end":{"line":18,"column":42}},"2":{"start":{"line":22,"column":8},"end":{"line":22,"column":38}},"3":{"start":{"line":26,"column":8},"end":{"line":26,"column":67}},"4":{"start":{"line":37,"column":8},"end":{"line":37,"column":66}},"5":{"start":{"line":38,"column":8},"end":{"line":38,"column":74}},"6":{"start":{"line":39,"column":8},"end":{"line":39,"column":55}},"7":{"start":{"line":49,"column":8},"end":{"line":49,"column":65}},"8":{"start":{"line":50,"column":8},"end":{"line":50,"column":59}},"9":{"start":{"line":51,"column":8},"end":{"line":51,"column":67}},"10":{"start":{"line":52,"column":8},"end":{"line":52,"column":45}},"11":{"start":{"line":61,"column":8},"end":{"line":61,"column":90}},"12":{"start":{"line":70,"column":8},"end":{"line":70,"column":93}},"13":{"start":{"line":79,"column":8},"end":{"line":79,"column":3297}},"14":{"start":{"line":84,"column":8},"end":{"line":84,"column":40}},"15":{"start":{"line":85,"column":8},"end":{"line":85,"column":57}},"16":{"start":{"line":87,"column":8},"end":{"line":87,"column":3520}},"17":{"start":{"line":88,"column":12},"end":{"line":88,"column":53}},"18":{"start":{"line":89,"column":12},"end":{"line":89,"column":47}},"19":{"start":{"line":92,"column":8},"end":{"line":92,"column":3662}},"20":{"start":{"line":93,"column":12},"end":{"line":93,"column":47}},"21":{"start":{"line":96,"column":8},"end":{"line":96,"column":22}},"22":{"start":{"line":108,"column":8},"end":{"line":108,"column":44}},"23":{"start":{"line":111,"column":8},"end":{"line":111,"column":52}}},"branchMap":{"1":{"line":26,"type":"if","locations":[{"start":{"line":26,"column":8},"end":{"line":26,"column":8}},{"start":{"line":26,"column":8},"end":{"line":26,"column":8}}]},"2":{"line":87,"type":"if","locations":[{"start":{"line":87,"column":8},"end":{"line":87,"column":8}},{"start":{"line":87,"column":8},"end":{"line":87,"column":8}}]},"3":{"line":92,"type":"if","locations":[{"start":{"line":92,"column":8},"end":{"line":92,"column":8}},{"start":{"line":92,"column":8},"end":{"line":92,"column":8}}]},"4":{"line":108,"type":"if","locations":[{"start":{"line":108,"column":8},"end":{"line":108,"column":8}},{"start":{"line":108,"column":8},"end":{"line":108,"column":8}}]}}},"contracts/PriceHelperStorage.sol":{"l":{},"path":"/home/fabio/Jibrel/tranche-benqi-protocol/contracts/PriceHelperStorage.sol","s":{},"b":{},"f":{},"fnMap":{},"statementMap":{},"branchMap":{}},"contracts/TransferAVAXHelper.sol":{"l":{"7":16,"8":16},"path":"/home/fabio/Jibrel/tranche-benqi-protocol/contracts/TransferAVAXHelper.sol","s":{"1":16,"2":16},"b":{"1":[16,0]},"f":{"1":16},"fnMap":{"1":{"name":"safeTransferAVAX","line":6,"loc":{"start":{"line":6,"column":4},"end":{"line":9,"column":4}}}},"statementMap":{"1":{"start":{"line":7,"column":8},"end":{"line":7,"column":62}},"2":{"start":{"line":8,"column":8},"end":{"line":8,"column":50}}},"branchMap":{"1":{"line":8,"type":"if","locations":[{"start":{"line":8,"column":8},"end":{"line":8,"column":8}},{"start":{"line":8,"column":8},"end":{"line":8,"column":8}}]}}},"contracts/uniswap/IUniswapV2Pair.sol":{"l":{},"path":"/home/fabio/Jibrel/tranche-benqi-protocol/contracts/uniswap/IUniswapV2Pair.sol","s":{},"b":{},"f":{},"fnMap":{},"statementMap":{},"branchMap":{}},"contracts/uniswap/UniswapV2Library.sol":{"l":{"14":0,"15":0,"16":0,"21":0,"33":0,"34":0,"35":0,"40":0,"41":0,"42":0,"47":0,"48":0,"49":0,"50":0,"51":0,"52":0,"57":0,"58":0,"59":0,"60":0,"61":0,"66":0,"67":0,"68":0,"69":0,"70":0,"71":0,"77":0,"78":0,"79":0,"80":0,"81":0,"82":0},"path":"/home/fabio/Jibrel/tranche-benqi-protocol/contracts/uniswap/UniswapV2Library.sol","s":{"1":0,"2":0,"3":0,"4":0,"5":0,"6":0,"7":0,"8":0,"9":0,"10":0,"11":0,"12":0,"13":0,"14":0,"15":0,"16":0,"17":0,"18":0,"19":0,"20":0,"21":0,"22":0,"23":0,"24":0,"25":0,"26":0,"27":0,"28":0,"29":0,"30":0,"31":0,"32":0,"33":0},"b":{"1":[0,0],"2":[0,0],"3":[0,0],"4":[0,0],"5":[0,0],"6":[0,0],"7":[0,0],"8":[0,0],"9":[0,0],"10":[0,0]},"f":{"1":0,"2":0,"3":0,"4":0,"5":0,"6":0,"7":0,"8":0},"fnMap":{"1":{"name":"sortTokens","line":13,"loc":{"start":{"line":13,"column":4},"end":{"line":17,"column":4}}},"2":{"name":"pairFor","line":20,"loc":{"start":{"line":20,"column":4},"end":{"line":29,"column":4}}},"3":{"name":"getReserves","line":32,"loc":{"start":{"line":32,"column":4},"end":{"line":36,"column":4}}},"4":{"name":"quote","line":39,"loc":{"start":{"line":39,"column":4},"end":{"line":43,"column":4}}},"5":{"name":"getAmountOut","line":46,"loc":{"start":{"line":46,"column":4},"end":{"line":53,"column":4}}},"6":{"name":"getAmountIn","line":56,"loc":{"start":{"line":56,"column":4},"end":{"line":62,"column":4}}},"7":{"name":"getAmountsOut","line":65,"loc":{"start":{"line":65,"column":4},"end":{"line":73,"column":4}}},"8":{"name":"getAmountsIn","line":76,"loc":{"start":{"line":76,"column":4},"end":{"line":84,"column":4}}}},"statementMap":{"1":{"start":{"line":14,"column":8},"end":{"line":14,"column":73}},"2":{"start":{"line":15,"column":8},"end":{"line":15,"column":79}},"3":{"start":{"line":16,"column":8},"end":{"line":16,"column":70}},"4":{"start":{"line":21,"column":8},"end":{"line":21,"column":69}},"5":{"start":{"line":33,"column":8},"end":{"line":33,"column":54}},"6":{"start":{"line":34,"column":8},"end":{"line":34,"column":104}},"7":{"start":{"line":35,"column":8},"end":{"line":35,"column":92}},"8":{"start":{"line":40,"column":8},"end":{"line":40,"column":68}},"9":{"start":{"line":41,"column":8},"end":{"line":41,"column":88}},"10":{"start":{"line":42,"column":8},"end":{"line":42,"column":49}},"11":{"start":{"line":47,"column":8},"end":{"line":47,"column":75}},"12":{"start":{"line":48,"column":8},"end":{"line":48,"column":91}},"13":{"start":{"line":49,"column":8},"end":{"line":49,"column":48}},"14":{"start":{"line":50,"column":8},"end":{"line":50,"column":56}},"15":{"start":{"line":51,"column":8},"end":{"line":51,"column":67}},"16":{"start":{"line":52,"column":8},"end":{"line":52,"column":42}},"17":{"start":{"line":57,"column":8},"end":{"line":57,"column":77}},"18":{"start":{"line":58,"column":8},"end":{"line":58,"column":91}},"19":{"start":{"line":59,"column":8},"end":{"line":59,"column":59}},"20":{"start":{"line":60,"column":8},"end":{"line":60,"column":61}},"21":{"start":{"line":61,"column":8},"end":{"line":61,"column":50}},"22":{"start":{"line":66,"column":8},"end":{"line":66,"column":66}},"23":{"start":{"line":67,"column":8},"end":{"line":67,"column":40}},"24":{"start":{"line":68,"column":8},"end":{"line":68,"column":28}},"25":{"start":{"line":69,"column":8},"end":{"line":69,"column":3947}},"26":{"start":{"line":70,"column":12},"end":{"line":70,"column":90}},"27":{"start":{"line":71,"column":12},"end":{"line":71,"column":75}},"28":{"start":{"line":77,"column":8},"end":{"line":77,"column":66}},"29":{"start":{"line":78,"column":8},"end":{"line":78,"column":40}},"30":{"start":{"line":79,"column":8},"end":{"line":79,"column":46}},"31":{"start":{"line":80,"column":8},"end":{"line":80,"column":4546}},"32":{"start":{"line":81,"column":12},"end":{"line":81,"column":90}},"33":{"start":{"line":82,"column":12},"end":{"line":82,"column":74}}},"branchMap":{"1":{"line":14,"type":"if","locations":[{"start":{"line":14,"column":8},"end":{"line":14,"column":8}},{"start":{"line":14,"column":8},"end":{"line":14,"column":8}}]},"2":{"line":16,"type":"if","locations":[{"start":{"line":16,"column":8},"end":{"line":16,"column":8}},{"start":{"line":16,"column":8},"end":{"line":16,"column":8}}]},"3":{"line":40,"type":"if","locations":[{"start":{"line":40,"column":8},"end":{"line":40,"column":8}},{"start":{"line":40,"column":8},"end":{"line":40,"column":8}}]},"4":{"line":41,"type":"if","locations":[{"start":{"line":41,"column":8},"end":{"line":41,"column":8}},{"start":{"line":41,"column":8},"end":{"line":41,"column":8}}]},"5":{"line":47,"type":"if","locations":[{"start":{"line":47,"column":8},"end":{"line":47,"column":8}},{"start":{"line":47,"column":8},"end":{"line":47,"column":8}}]},"6":{"line":48,"type":"if","locations":[{"start":{"line":48,"column":8},"end":{"line":48,"column":8}},{"start":{"line":48,"column":8},"end":{"line":48,"column":8}}]},"7":{"line":57,"type":"if","locations":[{"start":{"line":57,"column":8},"end":{"line":57,"column":8}},{"start":{"line":57,"column":8},"end":{"line":57,"column":8}}]},"8":{"line":58,"type":"if","locations":[{"start":{"line":58,"column":8},"end":{"line":58,"column":8}},{"start":{"line":58,"column":8},"end":{"line":58,"column":8}}]},"9":{"line":66,"type":"if","locations":[{"start":{"line":66,"column":8},"end":{"line":66,"column":8}},{"start":{"line":66,"column":8},"end":{"line":66,"column":8}}]},"10":{"line":77,"type":"if","locations":[{"start":{"line":77,"column":8},"end":{"line":77,"column":8}},{"start":{"line":77,"column":8},"end":{"line":77,"column":8}}]}}}}